mode: atomic
github.com/enthus-golang/gowsdl/example/gen/gen.go:34.68,38.2 1 0
github.com/enthus-golang/gowsdl/example/gen/gen.go:40.103,43.16 3 0
github.com/enthus-golang/gowsdl/example/gen/gen.go:43.16,45.3 1 0
github.com/enthus-golang/gowsdl/example/gen/gen.go:47.2,47.22 1 0
github.com/enthus-golang/gowsdl/example/server/gen/myservice.go:59.76,63.2 1 0
github.com/enthus-golang/gowsdl/example/server/gen/myservice.go:65.124,68.16 3 0
github.com/enthus-golang/gowsdl/example/server/gen/myservice.go:68.16,70.3 1 0
github.com/enthus-golang/gowsdl/example/server/gen/myservice.go:72.2,72.22 1 0
github.com/enthus-golang/gowsdl/example/server/gen/myservice.go:75.96,80.2 1 0
github.com/enthus-golang/gowsdl/example/server/gen/servermyservice.go:137.53,143.2 1 0
github.com/enthus-golang/gowsdl/example/server/gen/servermyservice.go:162.89,166.2 1 0
github.com/enthus-golang/gowsdl/example/server/gen/servermyservice.go:168.82,176.32 7 0
github.com/enthus-golang/gowsdl/example/server/gen/servermyservice.go:176.32,179.3 2 0
github.com/enthus-golang/gowsdl/example/server/gen/servermyservice.go:181.2,182.15 2 0
github.com/enthus-golang/gowsdl/example/server/gen/servermyservice.go:182.15,183.31 1 0
github.com/enthus-golang/gowsdl/example/server/gen/servermyservice.go:183.31,189.4 5 0
github.com/enthus-golang/gowsdl/example/server/gen/servermyservice.go:190.3,190.33 1 0
github.com/enthus-golang/gowsdl/example/server/gen/servermyservice.go:193.2,194.56 2 0
github.com/enthus-golang/gowsdl/example/server/gen/servermyservice.go:194.56,195.70 1 0
github.com/enthus-golang/gowsdl/example/server/gen/servermyservice.go:198.2,199.16 2 0
github.com/enthus-golang/gowsdl/example/server/gen/servermyservice.go:199.16,200.13 1 0
github.com/enthus-golang/gowsdl/example/server/gen/servermyservice.go:203.2,203.25 1 0
github.com/enthus-golang/gowsdl/example/server/gen/servermyservice.go:203.25,206.34 3 0
github.com/enthus-golang/gowsdl/example/server/gen/servermyservice.go:206.34,207.12 1 0
github.com/enthus-golang/gowsdl/example/server/gen/servermyservice.go:209.3,209.20 1 0
github.com/enthus-golang/gowsdl/example/server/gen/servermyservice.go:209.20,210.12 1 0
github.com/enthus-golang/gowsdl/example/server/gen/servermyservice.go:212.3,212.22 1 0
github.com/enthus-golang/gowsdl/example/server/gen/servermyservice.go:212.22,214.9 2 0
github.com/enthus-golang/gowsdl/example/server/gen/servermyservice.go:218.2,218.11 1 0
github.com/enthus-golang/gowsdl/example/server/gen/servermyservice.go:218.11,219.28 1 0
github.com/enthus-golang/gowsdl/example/server/gen/servermyservice.go:220.8,222.19 2 0
github.com/enthus-golang/gowsdl/example/server/gen/servermyservice.go:222.19,223.29 1 0
github.com/enthus-golang/gowsdl/example/server/gen/servermyservice.go:226.3,227.22 2 0
github.com/enthus-golang/gowsdl/example/server/gen/servermyservice.go:227.22,229.4 1 0
github.com/enthus-golang/gowsdl/example/server/gen/servermyservice.go:229.9,230.30 1 0
github.com/enthus-golang/gowsdl/example/server/gen/servermyservice.go:236.55,239.2 2 0
github.com/enthus-golang/gowsdl/myservice/servertest_output.go:84.53,90.2 1 0
github.com/enthus-golang/gowsdl/myservice/servertest_output.go:109.84,111.2 1 0
github.com/enthus-golang/gowsdl/myservice/servertest_output.go:113.82,121.32 7 0
github.com/enthus-golang/gowsdl/myservice/servertest_output.go:121.32,124.3 2 0
github.com/enthus-golang/gowsdl/myservice/servertest_output.go:126.2,127.15 2 0
github.com/enthus-golang/gowsdl/myservice/servertest_output.go:127.15,128.31 1 0
github.com/enthus-golang/gowsdl/myservice/servertest_output.go:128.31,134.4 5 0
github.com/enthus-golang/gowsdl/myservice/servertest_output.go:135.3,135.33 1 0
github.com/enthus-golang/gowsdl/myservice/servertest_output.go:138.2,139.56 2 0
github.com/enthus-golang/gowsdl/myservice/servertest_output.go:139.56,140.70 1 0
github.com/enthus-golang/gowsdl/myservice/servertest_output.go:143.2,144.16 2 0
github.com/enthus-golang/gowsdl/myservice/servertest_output.go:144.16,145.13 1 0
github.com/enthus-golang/gowsdl/myservice/servertest_output.go:148.2,148.25 1 0
github.com/enthus-golang/gowsdl/myservice/servertest_output.go:148.25,151.34 3 0
github.com/enthus-golang/gowsdl/myservice/servertest_output.go:151.34,152.12 1 0
github.com/enthus-golang/gowsdl/myservice/servertest_output.go:154.3,154.20 1 0
github.com/enthus-golang/gowsdl/myservice/servertest_output.go:154.20,155.12 1 0
github.com/enthus-golang/gowsdl/myservice/servertest_output.go:157.3,157.22 1 0
github.com/enthus-golang/gowsdl/myservice/servertest_output.go:157.22,159.9 2 0
github.com/enthus-golang/gowsdl/myservice/servertest_output.go:163.2,163.11 1 0
github.com/enthus-golang/gowsdl/myservice/servertest_output.go:163.11,164.28 1 0
github.com/enthus-golang/gowsdl/myservice/servertest_output.go:165.8,167.19 2 0
github.com/enthus-golang/gowsdl/myservice/servertest_output.go:167.19,168.29 1 0
github.com/enthus-golang/gowsdl/myservice/servertest_output.go:171.3,172.22 2 0
github.com/enthus-golang/gowsdl/myservice/servertest_output.go:172.22,174.4 1 0
github.com/enthus-golang/gowsdl/myservice/servertest_output.go:174.9,175.30 1 0
github.com/enthus-golang/gowsdl/myservice/servertest_output.go:181.55,184.2 2 0
github.com/enthus-golang/gowsdl/myservice/test_output.go:46.56,50.2 1 0
github.com/enthus-golang/gowsdl/myservice/test_output.go:52.110,55.16 3 0
github.com/enthus-golang/gowsdl/myservice/test_output.go:55.16,57.3 1 0
github.com/enthus-golang/gowsdl/myservice/test_output.go:59.2,59.22 1 0
github.com/enthus-golang/gowsdl/myservice/test_output.go:62.82,67.2 1 0
github.com/enthus-golang/gowsdl/example/example.go:12.26,16.16 4 0
github.com/enthus-golang/gowsdl/example/example.go:16.16,18.3 1 0
github.com/enthus-golang/gowsdl/example/example.go:19.2,19.20 1 0
github.com/enthus-golang/gowsdl/example/example.go:22.27,31.16 4 0
github.com/enthus-golang/gowsdl/example/example.go:31.16,33.3 1 0
github.com/enthus-golang/gowsdl/example/example.go:34.2,34.20 1 0
github.com/enthus-golang/gowsdl/example/server/example.go:15.15,23.2 5 0
github.com/enthus-golang/gowsdl/example/server/example.go:26.13,28.12 2 0
github.com/enthus-golang/gowsdl/example/server/example.go:28.12,31.3 2 0
github.com/enthus-golang/gowsdl/example/server/example.go:32.2,32.12 1 0
github.com/enthus-golang/gowsdl/example/server/example.go:32.12,33.59 1 0
github.com/enthus-golang/gowsdl/example/server/example.go:33.59,35.4 1 0
github.com/enthus-golang/gowsdl/example/server/example.go:37.2,37.8 1 0
github.com/enthus-golang/gowsdl/pkg/generator/templates/manager.go:17.52,21.2 1 0
github.com/enthus-golang/gowsdl/pkg/generator/templates/manager.go:24.71,26.2 1 0
github.com/enthus-golang/gowsdl/pkg/generator/templates/manager.go:29.66,32.2 1 0
github.com/enthus-golang/gowsdl/pkg/generator/templates/manager.go:35.67,38.2 1 0
github.com/enthus-golang/gowsdl/pkg/generator/templates/manager.go:41.67,44.2 1 0
github.com/enthus-golang/gowsdl/pkg/generator/templates/manager.go:47.78,50.2 1 0
github.com/enthus-golang/gowsdl/pkg/types/errors.go:16.36,17.18 1 0
github.com/enthus-golang/gowsdl/pkg/types/errors.go:17.18,19.3 1 0
github.com/enthus-golang/gowsdl/pkg/types/errors.go:20.2,20.48 1 0
github.com/enthus-golang/gowsdl/pkg/types/errors.go:23.36,25.2 1 0
github.com/enthus-golang/gowsdl/pkg/types/errors.go:34.38,35.20 1 0
github.com/enthus-golang/gowsdl/pkg/types/errors.go:35.20,37.3 1 0
github.com/enthus-golang/gowsdl/pkg/types/errors.go:38.2,38.50 1 0
github.com/enthus-golang/gowsdl/pkg/types/errors.go:41.38,43.2 1 0
github.com/enthus-golang/gowsdl/pkg/types/mapper.go:18.34,23.2 1 5
github.com/enthus-golang/gowsdl/pkg/types/mapper.go:26.80,28.54 1 31
github.com/enthus-golang/gowsdl/pkg/types/mapper.go:28.54,30.3 1 3
github.com/enthus-golang/gowsdl/pkg/types/mapper.go:32.2,33.9 2 31
github.com/enthus-golang/gowsdl/pkg/types/mapper.go:33.9,37.3 1 6
github.com/enthus-golang/gowsdl/pkg/types/mapper.go:40.2,40.76 1 31
github.com/enthus-golang/gowsdl/pkg/types/mapper.go:40.76,42.3 1 3
github.com/enthus-golang/gowsdl/pkg/types/mapper.go:44.2,44.15 1 31
github.com/enthus-golang/gowsdl/pkg/types/mapper.go:48.56,51.2 2 37
github.com/enthus-golang/gowsdl/pkg/types/mapper.go:54.62,55.47 1 9
github.com/enthus-golang/gowsdl/pkg/types/mapper.go:55.47,57.3 1 5
github.com/enthus-golang/gowsdl/pkg/types/mapper.go:58.2,58.13 1 4
github.com/enthus-golang/gowsdl/pkg/types/mapper.go:61.43,122.2 1 6
github.com/enthus-golang/gowsdl/pkg/types/mapper.go:124.44,166.2 1 6
github.com/enthus-golang/gowsdl/pkg/core/error_context.go:16.42,19.23 2 0
github.com/enthus-golang/gowsdl/pkg/core/error_context.go:19.23,21.3 1 0
github.com/enthus-golang/gowsdl/pkg/core/error_context.go:23.2,23.21 1 0
github.com/enthus-golang/gowsdl/pkg/core/error_context.go:23.21,25.3 1 0
github.com/enthus-golang/gowsdl/pkg/core/error_context.go:27.2,27.22 1 0
github.com/enthus-golang/gowsdl/pkg/core/error_context.go:27.22,29.3 1 0
github.com/enthus-golang/gowsdl/pkg/core/error_context.go:31.2,32.20 2 0
github.com/enthus-golang/gowsdl/pkg/core/error_context.go:32.20,34.3 1 0
github.com/enthus-golang/gowsdl/pkg/core/error_context.go:36.2,36.59 1 0
github.com/enthus-golang/gowsdl/pkg/core/error_context.go:39.42,41.2 1 0
github.com/enthus-golang/gowsdl/pkg/core/namespace.go:18.46,32.2 9 1
github.com/enthus-golang/gowsdl/pkg/core/namespace.go:35.62,40.84 3 16
github.com/enthus-golang/gowsdl/pkg/core/namespace.go:40.84,43.3 1 1
github.com/enthus-golang/gowsdl/pkg/core/namespace.go:45.2,46.27 2 16
github.com/enthus-golang/gowsdl/pkg/core/namespace.go:50.75,55.2 4 7
github.com/enthus-golang/gowsdl/pkg/core/namespace.go:58.66,63.2 4 3
github.com/enthus-golang/gowsdl/pkg/core/namespace.go:66.73,67.33 1 1
github.com/enthus-golang/gowsdl/pkg/core/namespace.go:67.33,69.19 1 2
github.com/enthus-golang/gowsdl/pkg/core/namespace.go:69.19,70.12 1 0
github.com/enthus-golang/gowsdl/pkg/core/namespace.go:72.3,72.31 1 2
github.com/enthus-golang/gowsdl/pkg/core/namespace.go:77.104,79.21 2 2
github.com/enthus-golang/gowsdl/pkg/core/namespace.go:79.21,83.48 3 1
github.com/enthus-golang/gowsdl/pkg/core/namespace.go:83.48,85.4 1 1
github.com/enthus-golang/gowsdl/pkg/core/namespace.go:85.9,88.4 1 0
github.com/enthus-golang/gowsdl/pkg/core/namespace.go:89.8,93.3 2 1
github.com/enthus-golang/gowsdl/pkg/core/namespace.go:94.2,94.29 1 2
github.com/enthus-golang/gowsdl/pkg/core/namespace.go:98.79,99.21 1 2
github.com/enthus-golang/gowsdl/pkg/core/namespace.go:99.21,101.3 1 0
github.com/enthus-golang/gowsdl/pkg/core/namespace.go:103.2,103.63 1 2
github.com/enthus-golang/gowsdl/pkg/core/namespace.go:103.63,105.3 1 1
github.com/enthus-golang/gowsdl/pkg/core/namespace.go:107.2,107.18 1 1
github.com/enthus-golang/gowsdl/pkg/core/namespace.go:111.70,114.2 2 1
github.com/enthus-golang/gowsdl/pkg/core/namespace.go:117.55,127.41 4 1
github.com/enthus-golang/gowsdl/pkg/core/namespace.go:127.41,129.3 1 11
github.com/enthus-golang/gowsdl/pkg/core/namespace.go:130.2,130.39 1 1
github.com/enthus-golang/gowsdl/pkg/core/namespace.go:130.39,132.3 1 10
github.com/enthus-golang/gowsdl/pkg/core/namespace.go:134.2,134.14 1 1
github.com/enthus-golang/gowsdl/pkg/core/namespace.go:138.66,143.41 4 0
github.com/enthus-golang/gowsdl/pkg/core/namespace.go:143.41,145.3 1 0
github.com/enthus-golang/gowsdl/pkg/core/namespace.go:146.2,146.15 1 0
github.com/enthus-golang/gowsdl/pkg/parser/traverser.go:22.62,28.2 1 3
github.com/enthus-golang/gowsdl/pkg/parser/traverser.go:31.32,34.38 2 3
github.com/enthus-golang/gowsdl/pkg/parser/traverser.go:34.38,36.3 1 3
github.com/enthus-golang/gowsdl/pkg/parser/traverser.go:37.2,37.36 1 3
github.com/enthus-golang/gowsdl/pkg/parser/traverser.go:37.36,39.3 1 0
github.com/enthus-golang/gowsdl/pkg/parser/traverser.go:40.2,40.35 1 3
github.com/enthus-golang/gowsdl/pkg/parser/traverser.go:40.35,42.3 1 2
github.com/enthus-golang/gowsdl/pkg/parser/traverser.go:46.56,47.25 1 42
github.com/enthus-golang/gowsdl/pkg/parser/traverser.go:47.25,49.3 1 9
github.com/enthus-golang/gowsdl/pkg/parser/traverser.go:52.54,54.44 1 14
github.com/enthus-golang/gowsdl/pkg/parser/traverser.go:54.44,56.40 2 3
github.com/enthus-golang/gowsdl/pkg/parser/traverser.go:56.40,62.27 5 3
github.com/enthus-golang/gowsdl/pkg/parser/traverser.go:62.27,64.5 1 3
github.com/enthus-golang/gowsdl/pkg/parser/traverser.go:65.4,65.27 1 3
github.com/enthus-golang/gowsdl/pkg/parser/traverser.go:65.27,67.5 1 3
github.com/enthus-golang/gowsdl/pkg/parser/traverser.go:69.4,69.30 1 3
github.com/enthus-golang/gowsdl/pkg/parser/traverser.go:69.30,71.5 1 3
github.com/enthus-golang/gowsdl/pkg/parser/traverser.go:72.4,72.29 1 3
github.com/enthus-golang/gowsdl/pkg/parser/traverser.go:72.29,74.5 1 3
github.com/enthus-golang/gowsdl/pkg/parser/traverser.go:79.2,79.28 1 14
github.com/enthus-golang/gowsdl/pkg/parser/traverser.go:79.28,81.3 1 3
github.com/enthus-golang/gowsdl/pkg/parser/traverser.go:82.2,82.27 1 14
github.com/enthus-golang/gowsdl/pkg/parser/traverser.go:82.27,84.3 1 0
github.com/enthus-golang/gowsdl/pkg/parser/traverser.go:88.60,89.2 0 0
github.com/enthus-golang/gowsdl/pkg/parser/traverser.go:91.61,102.2 10 6
github.com/enthus-golang/gowsdl/pkg/parser/traverser.go:104.63,105.29 1 18
github.com/enthus-golang/gowsdl/pkg/parser/traverser.go:105.29,107.3 1 0
github.com/enthus-golang/gowsdl/pkg/parser/traverser.go:110.59,112.27 1 0
github.com/enthus-golang/gowsdl/pkg/parser/traverser.go:112.27,114.3 1 0
github.com/enthus-golang/gowsdl/pkg/parser/traverser.go:116.2,116.20 1 0
github.com/enthus-golang/gowsdl/pkg/parser/traverser.go:116.20,118.42 2 0
github.com/enthus-golang/gowsdl/pkg/parser/traverser.go:118.42,122.24 4 0
github.com/enthus-golang/gowsdl/pkg/parser/traverser.go:122.24,124.5 1 0
github.com/enthus-golang/gowsdl/pkg/parser/traverser.go:126.8,126.28 1 0
github.com/enthus-golang/gowsdl/pkg/parser/traverser.go:126.28,127.29 1 0
github.com/enthus-golang/gowsdl/pkg/parser/traverser.go:127.29,130.4 2 0
github.com/enthus-golang/gowsdl/pkg/parser/traverser.go:134.67,137.31 2 0
github.com/enthus-golang/gowsdl/pkg/parser/traverser.go:137.31,138.42 1 0
github.com/enthus-golang/gowsdl/pkg/parser/traverser.go:138.42,139.43 1 0
github.com/enthus-golang/gowsdl/pkg/parser/traverser.go:139.43,140.31 1 0
github.com/enthus-golang/gowsdl/pkg/parser/traverser.go:140.31,142.6 1 0
github.com/enthus-golang/gowsdl/pkg/parser/traverser.go:147.2,147.12 1 0
github.com/enthus-golang/gowsdl/pkg/parser/traverser.go:150.63,153.31 2 3
github.com/enthus-golang/gowsdl/pkg/parser/traverser.go:153.31,154.42 1 3
github.com/enthus-golang/gowsdl/pkg/parser/traverser.go:154.42,155.40 1 3
github.com/enthus-golang/gowsdl/pkg/parser/traverser.go:155.40,156.30 1 3
github.com/enthus-golang/gowsdl/pkg/parser/traverser.go:156.30,158.6 1 3
github.com/enthus-golang/gowsdl/pkg/parser/traverser.go:163.2,163.12 1 0
github.com/enthus-golang/gowsdl/pkg/parser/traverser.go:167.57,169.17 2 3
github.com/enthus-golang/gowsdl/pkg/parser/traverser.go:169.17,171.3 1 0
github.com/enthus-golang/gowsdl/pkg/parser/traverser.go:171.8,174.43 3 3
github.com/enthus-golang/gowsdl/pkg/parser/traverser.go:174.43,176.4 1 3
github.com/enthus-golang/gowsdl/pkg/parser/traverser.go:179.2,179.14 1 3
github.com/enthus-golang/gowsdl/pkg/parser/version_detect.go:15.53,18.6 2 6
github.com/enthus-golang/gowsdl/pkg/parser/version_detect.go:18.6,20.20 2 16
github.com/enthus-golang/gowsdl/pkg/parser/version_detect.go:20.20,21.9 1 1
github.com/enthus-golang/gowsdl/pkg/parser/version_detect.go:23.3,23.17 1 15
github.com/enthus-golang/gowsdl/pkg/parser/version_detect.go:23.17,25.4 1 0
github.com/enthus-golang/gowsdl/pkg/parser/version_detect.go:27.3,27.43 1 15
github.com/enthus-golang/gowsdl/pkg/parser/version_detect.go:27.43,29.72 1 5
github.com/enthus-golang/gowsdl/pkg/parser/version_detect.go:29.72,31.5 1 2
github.com/enthus-golang/gowsdl/pkg/parser/version_detect.go:32.4,32.73 1 3
github.com/enthus-golang/gowsdl/pkg/parser/version_detect.go:32.73,34.5 1 2
github.com/enthus-golang/gowsdl/pkg/parser/version_detect.go:37.4,37.33 1 1
github.com/enthus-golang/gowsdl/pkg/parser/version_detect.go:37.33,38.35 1 1
github.com/enthus-golang/gowsdl/pkg/parser/version_detect.go:38.35,39.24 1 1
github.com/enthus-golang/gowsdl/pkg/parser/version_detect.go:40.25,41.24 1 0
github.com/enthus-golang/gowsdl/pkg/parser/version_detect.go:42.26,43.24 1 0
github.com/enthus-golang/gowsdl/pkg/parser/version_detect.go:49.4,49.74 1 1
github.com/enthus-golang/gowsdl/pkg/parser/version_detect.go:53.2,53.59 1 1
github.com/enthus-golang/gowsdl/pkg/parser/wsdl.go:26.75,28.34 2 1
github.com/enthus-golang/gowsdl/pkg/parser/wsdl.go:28.34,29.33 1 4
github.com/enthus-golang/gowsdl/pkg/parser/wsdl.go:29.33,31.12 2 2
github.com/enthus-golang/gowsdl/pkg/parser/wsdl.go:34.3,34.26 1 2
github.com/enthus-golang/gowsdl/pkg/parser/wsdl.go:35.15,36.23 1 0
github.com/enthus-golang/gowsdl/pkg/parser/wsdl.go:37.26,38.34 1 1
github.com/enthus-golang/gowsdl/pkg/parser/wsdl.go:42.1,43.6 1 1
github.com/enthus-golang/gowsdl/pkg/parser/wsdl.go:43.6,45.17 2 10
github.com/enthus-golang/gowsdl/pkg/parser/wsdl.go:45.17,47.4 1 0
github.com/enthus-golang/gowsdl/pkg/parser/wsdl.go:49.3,49.26 1 10
github.com/enthus-golang/gowsdl/pkg/parser/wsdl.go:50.25,51.11 1 4
github.com/enthus-golang/gowsdl/pkg/parser/wsdl.go:52.34,54.50 2 0
github.com/enthus-golang/gowsdl/pkg/parser/wsdl.go:54.50,56.6 1 0
github.com/enthus-golang/gowsdl/pkg/parser/wsdl.go:57.5,57.37 1 0
github.com/enthus-golang/gowsdl/pkg/parser/wsdl.go:58.41,59.55 1 0
github.com/enthus-golang/gowsdl/pkg/parser/wsdl.go:59.55,61.6 1 0
github.com/enthus-golang/gowsdl/pkg/parser/wsdl.go:62.39,63.25 1 4
github.com/enthus-golang/gowsdl/pkg/parser/wsdl.go:64.18,65.58 1 1
github.com/enthus-golang/gowsdl/pkg/parser/wsdl.go:65.58,67.7 1 0
github.com/enthus-golang/gowsdl/pkg/parser/wsdl.go:68.6,68.45 1 1
github.com/enthus-golang/gowsdl/pkg/parser/wsdl.go:68.45,69.41 1 2
github.com/enthus-golang/gowsdl/pkg/parser/wsdl.go:69.41,70.41 1 2
github.com/enthus-golang/gowsdl/pkg/parser/wsdl.go:70.41,72.9 1 2
github.com/enthus-golang/gowsdl/pkg/parser/wsdl.go:75.20,77.51 2 2
github.com/enthus-golang/gowsdl/pkg/parser/wsdl.go:77.51,79.7 1 0
github.com/enthus-golang/gowsdl/pkg/parser/wsdl.go:80.6,80.40 1 2
github.com/enthus-golang/gowsdl/pkg/parser/wsdl.go:81.21,83.51 2 1
github.com/enthus-golang/gowsdl/pkg/parser/wsdl.go:83.51,85.7 1 0
github.com/enthus-golang/gowsdl/pkg/parser/wsdl.go:86.6,86.42 1 1
github.com/enthus-golang/gowsdl/pkg/parser/wsdl.go:87.20,89.51 2 0
github.com/enthus-golang/gowsdl/pkg/parser/wsdl.go:89.51,91.7 1 0
github.com/enthus-golang/gowsdl/pkg/parser/wsdl.go:92.6,92.38 1 0
github.com/enthus-golang/gowsdl/pkg/parser/wsdl.go:93.20,95.51 2 0
github.com/enthus-golang/gowsdl/pkg/parser/wsdl.go:95.51,97.7 1 0
github.com/enthus-golang/gowsdl/pkg/parser/wsdl.go:98.6,98.38 1 0
github.com/enthus-golang/gowsdl/pkg/parser/wsdl.go:99.13,100.37 1 0
github.com/enthus-golang/gowsdl/pkg/parser/wsdl.go:100.37,102.7 1 0
github.com/enthus-golang/gowsdl/pkg/parser/wsdl.go:103.6,103.19 1 0
github.com/enthus-golang/gowsdl/pkg/parser/wsdl.go:105.12,106.36 1 0
github.com/enthus-golang/gowsdl/pkg/parser/wsdl.go:106.36,108.6 1 0
github.com/enthus-golang/gowsdl/pkg/parser/wsdl.go:109.5,109.18 1 0
github.com/enthus-golang/gowsdl/pkg/parser/wsdl.go:111.23,112.14 1 1
github.com/enthus-golang/gowsdl/pkg/parser/wsdl.go:116.2,116.12 1 1
github.com/enthus-golang/gowsdl/pkg/parser/wsdl2.go:124.76,126.34 2 0
github.com/enthus-golang/gowsdl/pkg/parser/wsdl2.go:126.34,127.33 1 0
github.com/enthus-golang/gowsdl/pkg/parser/wsdl2.go:127.33,129.12 2 0
github.com/enthus-golang/gowsdl/pkg/parser/wsdl2.go:132.3,132.26 1 0
github.com/enthus-golang/gowsdl/pkg/parser/wsdl2.go:133.15,134.23 1 0
github.com/enthus-golang/gowsdl/pkg/parser/wsdl2.go:135.26,136.34 1 0
github.com/enthus-golang/gowsdl/pkg/parser/wsdl2.go:140.1,141.6 1 0
github.com/enthus-golang/gowsdl/pkg/parser/wsdl2.go:141.6,143.17 2 0
github.com/enthus-golang/gowsdl/pkg/parser/wsdl2.go:143.17,145.4 1 0
github.com/enthus-golang/gowsdl/pkg/parser/wsdl2.go:147.3,147.26 1 0
github.com/enthus-golang/gowsdl/pkg/parser/wsdl2.go:148.25,149.11 1 0
github.com/enthus-golang/gowsdl/pkg/parser/wsdl2.go:150.34,152.50 2 0
github.com/enthus-golang/gowsdl/pkg/parser/wsdl2.go:152.50,154.6 1 0
github.com/enthus-golang/gowsdl/pkg/parser/wsdl2.go:155.5,155.37 1 0
github.com/enthus-golang/gowsdl/pkg/parser/wsdl2.go:156.35,158.50 2 0
github.com/enthus-golang/gowsdl/pkg/parser/wsdl2.go:158.50,160.6 1 0
github.com/enthus-golang/gowsdl/pkg/parser/wsdl2.go:161.5,161.39 1 0
github.com/enthus-golang/gowsdl/pkg/parser/wsdl2.go:162.41,163.55 1 0
github.com/enthus-golang/gowsdl/pkg/parser/wsdl2.go:163.55,165.6 1 0
github.com/enthus-golang/gowsdl/pkg/parser/wsdl2.go:166.40,167.25 1 0
github.com/enthus-golang/gowsdl/pkg/parser/wsdl2.go:168.18,169.58 1 0
github.com/enthus-golang/gowsdl/pkg/parser/wsdl2.go:169.58,171.7 1 0
github.com/enthus-golang/gowsdl/pkg/parser/wsdl2.go:172.6,172.45 1 0
github.com/enthus-golang/gowsdl/pkg/parser/wsdl2.go:172.45,173.41 1 0
github.com/enthus-golang/gowsdl/pkg/parser/wsdl2.go:173.41,174.41 1 0
github.com/enthus-golang/gowsdl/pkg/parser/wsdl2.go:174.41,176.9 1 0
github.com/enthus-golang/gowsdl/pkg/parser/wsdl2.go:179.22,181.51 2 0
github.com/enthus-golang/gowsdl/pkg/parser/wsdl2.go:181.51,183.7 1 0
github.com/enthus-golang/gowsdl/pkg/parser/wsdl2.go:184.6,184.44 1 0
github.com/enthus-golang/gowsdl/pkg/parser/wsdl2.go:185.20,187.51 2 0
github.com/enthus-golang/gowsdl/pkg/parser/wsdl2.go:187.51,189.7 1 0
github.com/enthus-golang/gowsdl/pkg/parser/wsdl2.go:190.6,190.40 1 0
github.com/enthus-golang/gowsdl/pkg/parser/wsdl2.go:191.20,193.51 2 0
github.com/enthus-golang/gowsdl/pkg/parser/wsdl2.go:193.51,195.7 1 0
github.com/enthus-golang/gowsdl/pkg/parser/wsdl2.go:196.6,196.40 1 0
github.com/enthus-golang/gowsdl/pkg/parser/wsdl2.go:197.13,198.37 1 0
github.com/enthus-golang/gowsdl/pkg/parser/wsdl2.go:198.37,200.7 1 0
github.com/enthus-golang/gowsdl/pkg/parser/wsdl2.go:202.12,203.36 1 0
github.com/enthus-golang/gowsdl/pkg/parser/wsdl2.go:203.36,205.6 1 0
github.com/enthus-golang/gowsdl/pkg/parser/wsdl2.go:207.23,208.14 1 0
github.com/enthus-golang/gowsdl/pkg/parser/wsdl2.go:212.2,212.12 1 0
github.com/enthus-golang/gowsdl/pkg/parser/xsd.go:31.80,34.34 3 1
github.com/enthus-golang/gowsdl/pkg/parser/xsd.go:34.34,35.33 1 1
github.com/enthus-golang/gowsdl/pkg/parser/xsd.go:35.33,37.12 2 0
github.com/enthus-golang/gowsdl/pkg/parser/xsd.go:40.3,40.26 1 1
github.com/enthus-golang/gowsdl/pkg/parser/xsd.go:41.18,42.26 1 0
github.com/enthus-golang/gowsdl/pkg/parser/xsd.go:43.26,44.34 1 1
github.com/enthus-golang/gowsdl/pkg/parser/xsd.go:45.29,46.37 1 0
github.com/enthus-golang/gowsdl/pkg/parser/xsd.go:50.1,51.6 1 1
github.com/enthus-golang/gowsdl/pkg/parser/xsd.go:51.6,53.17 2 6
github.com/enthus-golang/gowsdl/pkg/parser/xsd.go:53.17,55.4 1 0
github.com/enthus-golang/gowsdl/pkg/parser/xsd.go:57.3,57.26 1 6
github.com/enthus-golang/gowsdl/pkg/parser/xsd.go:58.25,59.35 1 2
github.com/enthus-golang/gowsdl/pkg/parser/xsd.go:59.35,60.36 1 0
github.com/enthus-golang/gowsdl/pkg/parser/xsd.go:60.36,62.6 1 0
github.com/enthus-golang/gowsdl/pkg/parser/xsd.go:63.5,63.18 1 0
github.com/enthus-golang/gowsdl/pkg/parser/xsd.go:66.4,66.24 1 2
github.com/enthus-golang/gowsdl/pkg/parser/xsd.go:67.19,69.50 2 0
github.com/enthus-golang/gowsdl/pkg/parser/xsd.go:69.50,71.6 1 0
github.com/enthus-golang/gowsdl/pkg/parser/xsd.go:72.5,72.39 1 0
github.com/enthus-golang/gowsdl/pkg/parser/xsd.go:73.18,75.50 2 0
github.com/enthus-golang/gowsdl/pkg/parser/xsd.go:75.50,77.6 1 0
github.com/enthus-golang/gowsdl/pkg/parser/xsd.go:78.5,78.37 1 0
github.com/enthus-golang/gowsdl/pkg/parser/xsd.go:79.19,81.50 2 2
github.com/enthus-golang/gowsdl/pkg/parser/xsd.go:81.50,83.6 1 0
github.com/enthus-golang/gowsdl/pkg/parser/xsd.go:84.5,84.39 1 2
github.com/enthus-golang/gowsdl/pkg/parser/xsd.go:85.21,87.50 2 0
github.com/enthus-golang/gowsdl/pkg/parser/xsd.go:87.50,89.6 1 0
github.com/enthus-golang/gowsdl/pkg/parser/xsd.go:90.5,90.43 1 0
github.com/enthus-golang/gowsdl/pkg/parser/xsd.go:91.23,93.50 2 0
github.com/enthus-golang/gowsdl/pkg/parser/xsd.go:93.50,95.6 1 0
github.com/enthus-golang/gowsdl/pkg/parser/xsd.go:96.5,96.47 1 0
github.com/enthus-golang/gowsdl/pkg/parser/xsd.go:97.22,99.50 2 0
github.com/enthus-golang/gowsdl/pkg/parser/xsd.go:99.50,101.6 1 0
github.com/enthus-golang/gowsdl/pkg/parser/xsd.go:102.5,102.43 1 0
github.com/enthus-golang/gowsdl/pkg/parser/xsd.go:103.12,104.36 1 0
github.com/enthus-golang/gowsdl/pkg/parser/xsd.go:104.36,106.6 1 0
github.com/enthus-golang/gowsdl/pkg/parser/xsd.go:107.5,107.18 1 0
github.com/enthus-golang/gowsdl/pkg/parser/xsd.go:109.23,110.14 1 1
github.com/enthus-golang/gowsdl/pkg/parser/xsd.go:114.2,114.12 1 1
github.com/enthus-golang/gowsdl/cmd/gowsdl/main.go:99.42,101.2 1 3
github.com/enthus-golang/gowsdl/cmd/gowsdl/main.go:103.42,105.2 1 2
github.com/enthus-golang/gowsdl/cmd/gowsdl/main.go:107.13,111.2 3 1
github.com/enthus-golang/gowsdl/cmd/gowsdl/main.go:114.38,119.37 2 5
github.com/enthus-golang/gowsdl/cmd/gowsdl/main.go:119.37,125.3 1 2
github.com/enthus-golang/gowsdl/cmd/gowsdl/main.go:128.2,128.29 1 3
github.com/enthus-golang/gowsdl/cmd/gowsdl/main.go:128.29,134.3 1 1
github.com/enthus-golang/gowsdl/cmd/gowsdl/main.go:136.2,136.12 1 2
github.com/enthus-golang/gowsdl/cmd/gowsdl/main.go:140.55,141.16 1 6
github.com/enthus-golang/gowsdl/cmd/gowsdl/main.go:141.16,147.3 1 1
github.com/enthus-golang/gowsdl/cmd/gowsdl/main.go:150.2,150.44 1 5
github.com/enthus-golang/gowsdl/cmd/gowsdl/main.go:150.44,156.3 1 2
github.com/enthus-golang/gowsdl/cmd/gowsdl/main.go:159.2,159.66 1 3
github.com/enthus-golang/gowsdl/cmd/gowsdl/main.go:159.66,165.3 1 0
github.com/enthus-golang/gowsdl/cmd/gowsdl/main.go:167.2,167.12 1 3
github.com/enthus-golang/gowsdl/cmd/gowsdl/main.go:171.50,172.44 1 4
github.com/enthus-golang/gowsdl/cmd/gowsdl/main.go:172.44,174.3 1 1
github.com/enthus-golang/gowsdl/cmd/gowsdl/main.go:175.2,175.12 1 3
github.com/enthus-golang/gowsdl/cmd/gowsdl/main.go:178.13,179.30 1 0
github.com/enthus-golang/gowsdl/cmd/gowsdl/main.go:179.30,182.37 2 0
github.com/enthus-golang/gowsdl/cmd/gowsdl/main.go:182.37,184.4 1 0
github.com/enthus-golang/gowsdl/cmd/gowsdl/main.go:186.3,187.31 2 0
github.com/enthus-golang/gowsdl/cmd/gowsdl/main.go:187.31,189.4 1 0
github.com/enthus-golang/gowsdl/cmd/gowsdl/main.go:191.3,192.33 2 0
github.com/enthus-golang/gowsdl/cmd/gowsdl/main.go:192.33,194.4 1 0
github.com/enthus-golang/gowsdl/cmd/gowsdl/main.go:196.3,196.31 1 0
github.com/enthus-golang/gowsdl/cmd/gowsdl/main.go:200.18,201.22 1 0
github.com/enthus-golang/gowsdl/cmd/gowsdl/main.go:201.22,204.3 2 0
github.com/enthus-golang/gowsdl/cmd/gowsdl/main.go:206.2,209.11 2 0
github.com/enthus-golang/gowsdl/cmd/gowsdl/main.go:209.11,212.3 2 0
github.com/enthus-golang/gowsdl/cmd/gowsdl/main.go:214.2,214.22 1 0
github.com/enthus-golang/gowsdl/cmd/gowsdl/main.go:214.22,217.3 2 0
github.com/enthus-golang/gowsdl/cmd/gowsdl/main.go:219.2,221.26 2 0
github.com/enthus-golang/gowsdl/cmd/gowsdl/main.go:221.26,223.3 1 0
github.com/enthus-golang/gowsdl/cmd/gowsdl/main.go:226.2,226.65 1 0
github.com/enthus-golang/gowsdl/cmd/gowsdl/main.go:226.65,228.3 1 0
github.com/enthus-golang/gowsdl/cmd/gowsdl/main.go:230.2,230.68 1 0
github.com/enthus-golang/gowsdl/cmd/gowsdl/main.go:230.68,232.3 1 0
github.com/enthus-golang/gowsdl/cmd/gowsdl/main.go:234.2,234.43 1 0
github.com/enthus-golang/gowsdl/cmd/gowsdl/main.go:234.43,236.3 1 0
github.com/enthus-golang/gowsdl/cmd/gowsdl/main.go:239.2,249.26 9 0
github.com/enthus-golang/gowsdl/cmd/gowsdl/main.go:249.26,251.25 2 0
github.com/enthus-golang/gowsdl/cmd/gowsdl/main.go:252.14,253.33 1 0
github.com/enthus-golang/gowsdl/cmd/gowsdl/main.go:254.14,255.33 1 0
github.com/enthus-golang/gowsdl/cmd/gowsdl/main.go:256.14,257.33 1 0
github.com/enthus-golang/gowsdl/cmd/gowsdl/main.go:258.14,259.33 1 0
github.com/enthus-golang/gowsdl/cmd/gowsdl/main.go:260.11,261.64 1 0
github.com/enthus-golang/gowsdl/cmd/gowsdl/main.go:263.3,263.34 1 0
github.com/enthus-golang/gowsdl/cmd/gowsdl/main.go:263.34,265.4 1 0
github.com/enthus-golang/gowsdl/cmd/gowsdl/main.go:266.3,266.47 1 0
github.com/enthus-golang/gowsdl/cmd/gowsdl/main.go:270.2,270.22 1 0
github.com/enthus-golang/gowsdl/cmd/gowsdl/main.go:270.22,271.62 1 0
github.com/enthus-golang/gowsdl/cmd/gowsdl/main.go:271.62,273.4 1 0
github.com/enthus-golang/gowsdl/cmd/gowsdl/main.go:277.2,277.49 1 0
github.com/enthus-golang/gowsdl/cmd/gowsdl/main.go:277.49,278.85 1 0
github.com/enthus-golang/gowsdl/cmd/gowsdl/main.go:278.85,280.4 1 0
github.com/enthus-golang/gowsdl/cmd/gowsdl/main.go:281.8,281.56 1 0
github.com/enthus-golang/gowsdl/cmd/gowsdl/main.go:281.56,283.3 1 0
github.com/enthus-golang/gowsdl/cmd/gowsdl/main.go:286.2,292.18 2 0
github.com/enthus-golang/gowsdl/cmd/gowsdl/main.go:292.18,294.3 1 0
github.com/enthus-golang/gowsdl/cmd/gowsdl/main.go:297.2,298.16 2 0
github.com/enthus-golang/gowsdl/cmd/gowsdl/main.go:298.16,300.3 1 0
github.com/enthus-golang/gowsdl/cmd/gowsdl/main.go:303.2,304.16 2 0
github.com/enthus-golang/gowsdl/cmd/gowsdl/main.go:304.16,306.3 1 0
github.com/enthus-golang/gowsdl/cmd/gowsdl/main.go:308.2,312.16 3 0
github.com/enthus-golang/gowsdl/cmd/gowsdl/main.go:312.16,314.3 1 0
github.com/enthus-golang/gowsdl/cmd/gowsdl/main.go:317.2,318.49 2 0
github.com/enthus-golang/gowsdl/cmd/gowsdl/main.go:318.49,320.3 1 0
github.com/enthus-golang/gowsdl/cmd/gowsdl/main.go:322.2,323.16 2 0
github.com/enthus-golang/gowsdl/cmd/gowsdl/main.go:323.16,325.3 1 0
github.com/enthus-golang/gowsdl/cmd/gowsdl/main.go:326.2,326.15 1 0
github.com/enthus-golang/gowsdl/cmd/gowsdl/main.go:326.15,327.38 1 0
github.com/enthus-golang/gowsdl/cmd/gowsdl/main.go:327.38,329.4 1 0
github.com/enthus-golang/gowsdl/cmd/gowsdl/main.go:332.2,339.16 6 0
github.com/enthus-golang/gowsdl/cmd/gowsdl/main.go:339.16,341.65 1 0
github.com/enthus-golang/gowsdl/cmd/gowsdl/main.go:341.65,343.4 1 0
github.com/enthus-golang/gowsdl/cmd/gowsdl/main.go:344.3,344.64 1 0
github.com/enthus-golang/gowsdl/cmd/gowsdl/main.go:347.2,347.48 1 0
github.com/enthus-golang/gowsdl/cmd/gowsdl/main.go:347.48,349.3 1 0
github.com/enthus-golang/gowsdl/cmd/gowsdl/main.go:352.2,352.21 1 0
github.com/enthus-golang/gowsdl/cmd/gowsdl/main.go:352.21,354.80 2 0
github.com/enthus-golang/gowsdl/cmd/gowsdl/main.go:354.80,356.4 1 0
github.com/enthus-golang/gowsdl/cmd/gowsdl/main.go:358.3,359.54 2 0
github.com/enthus-golang/gowsdl/cmd/gowsdl/main.go:359.54,361.4 1 0
github.com/enthus-golang/gowsdl/cmd/gowsdl/main.go:363.3,364.17 2 0
github.com/enthus-golang/gowsdl/cmd/gowsdl/main.go:364.17,366.4 1 0
github.com/enthus-golang/gowsdl/cmd/gowsdl/main.go:367.3,367.16 1 0
github.com/enthus-golang/gowsdl/cmd/gowsdl/main.go:367.16,368.45 1 0
github.com/enthus-golang/gowsdl/cmd/gowsdl/main.go:368.45,370.5 1 0
github.com/enthus-golang/gowsdl/cmd/gowsdl/main.go:373.3,379.17 6 0
github.com/enthus-golang/gowsdl/cmd/gowsdl/main.go:379.17,381.78 1 0
github.com/enthus-golang/gowsdl/cmd/gowsdl/main.go:381.78,383.5 1 0
github.com/enthus-golang/gowsdl/cmd/gowsdl/main.go:384.4,384.72 1 0
github.com/enthus-golang/gowsdl/cmd/gowsdl/main.go:387.3,387.61 1 0
github.com/enthus-golang/gowsdl/cmd/gowsdl/main.go:387.61,389.4 1 0
github.com/enthus-golang/gowsdl/cmd/gowsdl/main.go:392.2,393.12 2 0
github.com/enthus-golang/gowsdl/pkg/utils/strings.go:19.35,20.14 1 34
github.com/enthus-golang/gowsdl/pkg/utils/strings.go:20.14,22.3 1 1
github.com/enthus-golang/gowsdl/pkg/utils/strings.go:24.2,25.26 2 33
github.com/enthus-golang/gowsdl/pkg/utils/strings.go:25.26,26.38 1 39
github.com/enthus-golang/gowsdl/pkg/utils/strings.go:26.38,27.46 1 33
github.com/enthus-golang/gowsdl/pkg/utils/strings.go:27.46,29.5 1 33
github.com/enthus-golang/gowsdl/pkg/utils/strings.go:30.4,30.9 1 33
github.com/enthus-golang/gowsdl/pkg/utils/strings.go:33.2,33.22 1 33
github.com/enthus-golang/gowsdl/pkg/utils/strings.go:37.45,38.13 1 0
github.com/enthus-golang/gowsdl/pkg/utils/strings.go:38.13,40.3 1 0
github.com/enthus-golang/gowsdl/pkg/utils/strings.go:43.2,46.32 2 0
github.com/enthus-golang/gowsdl/pkg/utils/strings.go:46.32,48.3 1 0
github.com/enthus-golang/gowsdl/pkg/utils/strings.go:51.2,54.38 2 0
github.com/enthus-golang/gowsdl/pkg/utils/strings.go:54.38,56.3 1 0
github.com/enthus-golang/gowsdl/pkg/utils/strings.go:59.2,59.61 1 0
github.com/enthus-golang/gowsdl/pkg/utils/strings.go:59.61,61.3 1 0
github.com/enthus-golang/gowsdl/pkg/utils/strings.go:64.2,64.12 1 0
github.com/enthus-golang/gowsdl/pkg/utils/strings.go:64.12,66.3 1 0
github.com/enthus-golang/gowsdl/pkg/utils/strings.go:68.2,68.10 1 0
github.com/enthus-golang/gowsdl/pkg/utils/strings.go:72.43,74.51 1 0
github.com/enthus-golang/gowsdl/pkg/utils/strings.go:74.51,76.3 1 0
github.com/enthus-golang/gowsdl/pkg/utils/strings.go:78.2,78.29 1 0
github.com/enthus-golang/gowsdl/soap/MMAEncoder.go:26.84,31.2 1 1
github.com/enthus-golang/gowsdl/soap/MMAEncoder.go:33.62,37.2 1 1
github.com/enthus-golang/gowsdl/soap/MMAEncoder.go:39.50,48.68 7 1
github.com/enthus-golang/gowsdl/soap/MMAEncoder.go:48.68,50.3 1 0
github.com/enthus-golang/gowsdl/soap/MMAEncoder.go:51.2,52.45 2 1
github.com/enthus-golang/gowsdl/soap/MMAEncoder.go:52.45,54.3 1 0
github.com/enthus-golang/gowsdl/soap/MMAEncoder.go:57.2,57.43 1 1
github.com/enthus-golang/gowsdl/soap/MMAEncoder.go:57.43,66.17 8 2
github.com/enthus-golang/gowsdl/soap/MMAEncoder.go:66.17,68.4 1 0
github.com/enthus-golang/gowsdl/soap/MMAEncoder.go:69.3,70.17 2 2
github.com/enthus-golang/gowsdl/soap/MMAEncoder.go:70.17,72.4 1 0
github.com/enthus-golang/gowsdl/soap/MMAEncoder.go:75.2,75.12 1 1
github.com/enthus-golang/gowsdl/soap/MMAEncoder.go:78.36,80.2 1 1
github.com/enthus-golang/gowsdl/soap/MMAEncoder.go:82.40,84.2 1 1
github.com/enthus-golang/gowsdl/soap/MMAEncoder.go:86.55,88.16 2 1
github.com/enthus-golang/gowsdl/soap/MMAEncoder.go:88.16,90.3 1 0
github.com/enthus-golang/gowsdl/soap/MMAEncoder.go:92.2,92.48 1 1
github.com/enthus-golang/gowsdl/soap/MMAEncoder.go:92.48,94.28 2 1
github.com/enthus-golang/gowsdl/soap/MMAEncoder.go:94.28,96.4 1 0
github.com/enthus-golang/gowsdl/soap/MMAEncoder.go:98.3,99.53 2 1
github.com/enthus-golang/gowsdl/soap/MMAEncoder.go:99.53,101.4 1 0
github.com/enthus-golang/gowsdl/soap/MMAEncoder.go:102.3,102.23 1 1
github.com/enthus-golang/gowsdl/soap/MMAEncoder.go:105.2,105.16 1 0
github.com/enthus-golang/gowsdl/soap/MMAEncoder.go:108.50,111.6 3 1
github.com/enthus-golang/gowsdl/soap/MMAEncoder.go:111.6,113.17 2 4
github.com/enthus-golang/gowsdl/soap/MMAEncoder.go:113.17,114.30 1 1
github.com/enthus-golang/gowsdl/soap/MMAEncoder.go:114.30,115.10 1 1
github.com/enthus-golang/gowsdl/soap/MMAEncoder.go:117.4,117.14 1 0
github.com/enthus-golang/gowsdl/soap/MMAEncoder.go:119.3,120.46 2 3
github.com/enthus-golang/gowsdl/soap/MMAEncoder.go:120.46,123.18 2 1
github.com/enthus-golang/gowsdl/soap/MMAEncoder.go:123.18,125.5 1 0
github.com/enthus-golang/gowsdl/soap/MMAEncoder.go:126.9,129.23 2 2
github.com/enthus-golang/gowsdl/soap/MMAEncoder.go:129.23,131.5 1 0
github.com/enthus-golang/gowsdl/soap/MMAEncoder.go:132.4,133.18 2 2
github.com/enthus-golang/gowsdl/soap/MMAEncoder.go:133.18,135.5 1 0
github.com/enthus-golang/gowsdl/soap/MMAEncoder.go:137.4,141.6 2 2
github.com/enthus-golang/gowsdl/soap/MMAEncoder.go:144.2,144.26 1 1
github.com/enthus-golang/gowsdl/soap/MMAEncoder.go:144.26,146.3 1 1
github.com/enthus-golang/gowsdl/soap/MMAEncoder.go:148.2,148.12 1 1
github.com/enthus-golang/gowsdl/soap/MTOMEncoder.go:34.34,36.2 1 1
github.com/enthus-golang/gowsdl/soap/MTOMEncoder.go:39.33,41.2 1 2
github.com/enthus-golang/gowsdl/soap/MTOMEncoder.go:44.51,47.2 2 0
github.com/enthus-golang/gowsdl/soap/MTOMEncoder.go:50.57,53.2 2 0
github.com/enthus-golang/gowsdl/soap/MTOMEncoder.go:56.61,59.2 2 1
github.com/enthus-golang/gowsdl/soap/MTOMEncoder.go:62.39,64.2 1 2
github.com/enthus-golang/gowsdl/soap/MTOMEncoder.go:67.77,68.15 1 1
github.com/enthus-golang/gowsdl/soap/MTOMEncoder.go:68.15,69.24 1 1
github.com/enthus-golang/gowsdl/soap/MTOMEncoder.go:69.24,71.4 1 1
github.com/enthus-golang/gowsdl/soap/MTOMEncoder.go:72.3,78.12 1 1
github.com/enthus-golang/gowsdl/soap/MTOMEncoder.go:80.2,80.42 1 0
github.com/enthus-golang/gowsdl/soap/MTOMEncoder.go:84.77,90.54 2 1
github.com/enthus-golang/gowsdl/soap/MTOMEncoder.go:90.54,92.3 1 0
github.com/enthus-golang/gowsdl/soap/MTOMEncoder.go:94.2,96.24 2 1
github.com/enthus-golang/gowsdl/soap/MTOMEncoder.go:96.24,99.3 2 1
github.com/enthus-golang/gowsdl/soap/MTOMEncoder.go:100.2,100.12 1 1
github.com/enthus-golang/gowsdl/soap/MTOMEncoder.go:103.47,107.2 1 1
github.com/enthus-golang/gowsdl/soap/MTOMEncoder.go:109.51,121.58 9 1
github.com/enthus-golang/gowsdl/soap/MTOMEncoder.go:121.58,123.3 1 0
github.com/enthus-golang/gowsdl/soap/MTOMEncoder.go:124.2,125.45 2 1
github.com/enthus-golang/gowsdl/soap/MTOMEncoder.go:125.45,127.3 1 0
github.com/enthus-golang/gowsdl/soap/MTOMEncoder.go:129.2,129.35 1 1
github.com/enthus-golang/gowsdl/soap/MTOMEncoder.go:129.35,132.28 3 1
github.com/enthus-golang/gowsdl/soap/MTOMEncoder.go:132.28,134.4 1 0
github.com/enthus-golang/gowsdl/soap/MTOMEncoder.go:135.3,138.59 4 1
github.com/enthus-golang/gowsdl/soap/MTOMEncoder.go:138.59,140.4 1 0
github.com/enthus-golang/gowsdl/soap/MTOMEncoder.go:141.3,141.59 1 1
github.com/enthus-golang/gowsdl/soap/MTOMEncoder.go:141.59,143.4 1 0
github.com/enthus-golang/gowsdl/soap/MTOMEncoder.go:146.2,146.12 1 1
github.com/enthus-golang/gowsdl/soap/MTOMEncoder.go:149.37,151.2 1 1
github.com/enthus-golang/gowsdl/soap/MTOMEncoder.go:153.65,156.18 2 33
github.com/enthus-golang/gowsdl/soap/MTOMEncoder.go:157.19,158.36 1 0
github.com/enthus-golang/gowsdl/soap/MTOMEncoder.go:159.22,160.37 1 12
github.com/enthus-golang/gowsdl/soap/MTOMEncoder.go:160.37,161.34 1 35
github.com/enthus-golang/gowsdl/soap/MTOMEncoder.go:161.34,162.13 1 2
github.com/enthus-golang/gowsdl/soap/MTOMEncoder.go:164.4,165.44 2 33
github.com/enthus-golang/gowsdl/soap/MTOMEncoder.go:165.44,167.5 1 2
github.com/enthus-golang/gowsdl/soap/MTOMEncoder.go:167.10,169.5 1 31
github.com/enthus-golang/gowsdl/soap/MTOMEncoder.go:171.21,172.32 1 1
github.com/enthus-golang/gowsdl/soap/MTOMEncoder.go:172.32,174.25 2 0
github.com/enthus-golang/gowsdl/soap/MTOMEncoder.go:174.25,175.13 1 0
github.com/enthus-golang/gowsdl/soap/MTOMEncoder.go:177.4,177.44 1 0
github.com/enthus-golang/gowsdl/soap/MTOMEncoder.go:177.44,179.5 1 0
github.com/enthus-golang/gowsdl/soap/MTOMEncoder.go:179.10,181.5 1 0
github.com/enthus-golang/gowsdl/soap/MTOMEncoder.go:186.45,187.27 1 1
github.com/enthus-golang/gowsdl/soap/MTOMEncoder.go:187.27,190.3 2 1
github.com/enthus-golang/gowsdl/soap/MTOMEncoder.go:193.41,195.2 1 1
github.com/enthus-golang/gowsdl/soap/MTOMEncoder.go:201.56,203.16 2 18
github.com/enthus-golang/gowsdl/soap/MTOMEncoder.go:203.16,205.3 1 3
github.com/enthus-golang/gowsdl/soap/MTOMEncoder.go:207.2,207.48 1 15
github.com/enthus-golang/gowsdl/soap/MTOMEncoder.go:207.48,209.28 2 2
github.com/enthus-golang/gowsdl/soap/MTOMEncoder.go:209.28,211.4 1 0
github.com/enthus-golang/gowsdl/soap/MTOMEncoder.go:213.3,214.44 2 2
github.com/enthus-golang/gowsdl/soap/MTOMEncoder.go:214.44,217.4 1 1
github.com/enthus-golang/gowsdl/soap/MTOMEncoder.go:219.3,220.112 2 1
github.com/enthus-golang/gowsdl/soap/MTOMEncoder.go:220.112,222.4 1 0
github.com/enthus-golang/gowsdl/soap/MTOMEncoder.go:223.3,223.23 1 1
github.com/enthus-golang/gowsdl/soap/MTOMEncoder.go:226.2,226.16 1 13
github.com/enthus-golang/gowsdl/soap/MTOMEncoder.go:229.64,233.2 1 1
github.com/enthus-golang/gowsdl/soap/MTOMEncoder.go:235.51,237.6 2 1
github.com/enthus-golang/gowsdl/soap/MTOMEncoder.go:237.6,239.17 2 3
github.com/enthus-golang/gowsdl/soap/MTOMEncoder.go:239.17,240.30 1 1
github.com/enthus-golang/gowsdl/soap/MTOMEncoder.go:240.30,241.10 1 1
github.com/enthus-golang/gowsdl/soap/MTOMEncoder.go:243.4,243.14 1 0
github.com/enthus-golang/gowsdl/soap/MTOMEncoder.go:245.3,246.60 2 2
github.com/enthus-golang/gowsdl/soap/MTOMEncoder.go:246.60,248.18 2 1
github.com/enthus-golang/gowsdl/soap/MTOMEncoder.go:248.18,250.5 1 0
github.com/enthus-golang/gowsdl/soap/MTOMEncoder.go:251.9,253.23 2 1
github.com/enthus-golang/gowsdl/soap/MTOMEncoder.go:253.23,255.5 1 0
github.com/enthus-golang/gowsdl/soap/MTOMEncoder.go:256.4,257.18 2 1
github.com/enthus-golang/gowsdl/soap/MTOMEncoder.go:257.18,259.5 1 0
github.com/enthus-golang/gowsdl/soap/MTOMEncoder.go:261.4,265.5 2 1
github.com/enthus-golang/gowsdl/soap/MTOMEncoder.go:270.2,274.27 3 1
github.com/enthus-golang/gowsdl/soap/MTOMEncoder.go:274.27,278.3 3 1
github.com/enthus-golang/gowsdl/soap/MTOMEncoder.go:279.2,279.12 1 1
github.com/enthus-golang/gowsdl/soap/generics.go:21.115,26.2 1 4
github.com/enthus-golang/gowsdl/soap/generics.go:29.94,32.16 3 1
github.com/enthus-golang/gowsdl/soap/generics.go:32.16,34.3 1 0
github.com/enthus-golang/gowsdl/soap/generics.go:35.2,35.23 1 1
github.com/enthus-golang/gowsdl/soap/generics.go:39.115,44.16 3 7
github.com/enthus-golang/gowsdl/soap/generics.go:44.16,45.40 1 5
github.com/enthus-golang/gowsdl/soap/generics.go:45.40,47.4 1 2
github.com/enthus-golang/gowsdl/soap/generics.go:48.3,48.23 1 3
github.com/enthus-golang/gowsdl/soap/generics.go:51.2,51.28 1 2
github.com/enthus-golang/gowsdl/soap/generics.go:64.40,66.20 2 5
github.com/enthus-golang/gowsdl/soap/generics.go:66.20,68.3 1 2
github.com/enthus-golang/gowsdl/soap/generics.go:69.2,69.21 1 3
github.com/enthus-golang/gowsdl/soap/generics.go:73.37,75.2 1 11
github.com/enthus-golang/gowsdl/soap/generics.go:78.100,80.16 2 6
github.com/enthus-golang/gowsdl/soap/generics.go:80.16,90.3 1 3
github.com/enthus-golang/gowsdl/soap/generics.go:91.2,91.18 1 3
github.com/enthus-golang/gowsdl/soap/generics.go:91.18,93.3 1 1
github.com/enthus-golang/gowsdl/soap/generics.go:94.2,94.37 1 2
github.com/enthus-golang/gowsdl/soap/generics.go:103.36,105.2 1 2
github.com/enthus-golang/gowsdl/soap/generics.go:108.50,110.40 2 2
github.com/enthus-golang/gowsdl/soap/generics.go:110.40,112.3 1 1
github.com/enthus-golang/gowsdl/soap/generics.go:113.2,113.28 1 1
github.com/enthus-golang/gowsdl/soap/generics.go:117.37,119.2 1 1
github.com/enthus-golang/gowsdl/soap/generics.go:141.111,145.2 1 2
github.com/enthus-golang/gowsdl/soap/generics.go:154.105,163.31 6 2
github.com/enthus-golang/gowsdl/soap/generics.go:163.31,164.36 1 6
github.com/enthus-golang/gowsdl/soap/generics.go:164.36,166.11 2 6
github.com/enthus-golang/gowsdl/soap/generics.go:167.64,167.64 0 5
github.com/enthus-golang/gowsdl/soap/generics.go:168.27,168.27 0 1
github.com/enthus-golang/gowsdl/soap/generics.go:175.2,175.37 1 2
github.com/enthus-golang/gowsdl/soap/generics.go:175.37,176.10 1 4
github.com/enthus-golang/gowsdl/soap/generics.go:177.23,179.33 2 3
github.com/enthus-golang/gowsdl/soap/generics.go:180.21,184.14 2 1
github.com/enthus-golang/gowsdl/soap/generics.go:184.14,185.18 1 1
github.com/enthus-golang/gowsdl/soap/generics.go:185.19,187.6 0 2
github.com/enthus-golang/gowsdl/soap/generics.go:190.4,190.39 1 1
github.com/enthus-golang/gowsdl/soap/generics.go:190.39,192.21 1 3
github.com/enthus-golang/gowsdl/soap/generics.go:192.21,203.6 1 3
github.com/enthus-golang/gowsdl/soap/generics.go:205.4,205.18 1 1
github.com/enthus-golang/gowsdl/soap/generics.go:209.2,209.16 1 1
github.com/enthus-golang/gowsdl/soap/generics.go:218.67,222.2 1 0
github.com/enthus-golang/gowsdl/soap/generics.go:225.52,227.52 2 0
github.com/enthus-golang/gowsdl/soap/generics.go:227.52,229.3 1 0
github.com/enthus-golang/gowsdl/soap/generics.go:231.2,231.32 1 0
github.com/enthus-golang/gowsdl/soap/generics.go:231.32,233.3 1 0
github.com/enthus-golang/gowsdl/soap/generics.go:235.2,235.36 1 0
github.com/enthus-golang/gowsdl/soap/soap.go:80.83,81.22 1 14
github.com/enthus-golang/gowsdl/soap/soap.go:81.22,83.3 1 0
github.com/enthus-golang/gowsdl/soap/soap.go:85.2,92.6 2 14
github.com/enthus-golang/gowsdl/soap/soap.go:92.6,93.41 1 52
github.com/enthus-golang/gowsdl/soap/soap.go:93.41,95.4 1 0
github.com/enthus-golang/gowsdl/soap/soap.go:97.3,97.19 1 52
github.com/enthus-golang/gowsdl/soap/soap.go:97.19,98.9 1 0
github.com/enthus-golang/gowsdl/soap/soap.go:101.3,101.29 1 52
github.com/enthus-golang/gowsdl/soap/soap.go:102.25,103.16 1 14
github.com/enthus-golang/gowsdl/soap/soap.go:103.16,105.5 1 0
github.com/enthus-golang/gowsdl/soap/soap.go:105.10,105.103 1 14
github.com/enthus-golang/gowsdl/soap/soap.go:105.103,110.19 4 7
github.com/enthus-golang/gowsdl/soap/soap.go:110.19,112.6 1 0
github.com/enthus-golang/gowsdl/soap/soap.go:114.5,114.20 1 7
github.com/enthus-golang/gowsdl/soap/soap.go:115.10,116.58 1 7
github.com/enthus-golang/gowsdl/soap/soap.go:116.58,118.6 1 0
github.com/enthus-golang/gowsdl/soap/soap.go:120.5,120.20 1 7
github.com/enthus-golang/gowsdl/soap/soap.go:122.23,123.14 1 14
github.com/enthus-golang/gowsdl/soap/soap.go:127.2,127.12 1 14
github.com/enthus-golang/gowsdl/soap/soap.go:130.43,131.21 1 0
github.com/enthus-golang/gowsdl/soap/soap.go:131.21,133.3 1 0
github.com/enthus-golang/gowsdl/soap/soap.go:134.2,135.12 2 0
github.com/enthus-golang/gowsdl/soap/soap.go:138.51,139.21 1 14
github.com/enthus-golang/gowsdl/soap/soap.go:139.21,141.3 1 7
github.com/enthus-golang/gowsdl/soap/soap.go:142.2,143.12 2 7
github.com/enthus-golang/gowsdl/soap/soap.go:169.36,170.43 1 7
github.com/enthus-golang/gowsdl/soap/soap.go:170.43,172.3 1 4
github.com/enthus-golang/gowsdl/soap/soap.go:173.2,173.17 1 3
github.com/enthus-golang/gowsdl/soap/soap.go:184.36,186.2 1 2
github.com/enthus-golang/gowsdl/soap/soap.go:233.90,239.2 5 0
github.com/enthus-golang/gowsdl/soap/soap.go:270.42,271.26 1 0
github.com/enthus-golang/gowsdl/soap/soap.go:271.26,273.3 1 0
github.com/enthus-golang/gowsdl/soap/soap.go:278.54,279.26 1 0
github.com/enthus-golang/gowsdl/soap/soap.go:279.26,281.3 1 0
github.com/enthus-golang/gowsdl/soap/soap.go:286.49,287.26 1 0
github.com/enthus-golang/gowsdl/soap/soap.go:287.26,289.3 1 0
github.com/enthus-golang/gowsdl/soap/soap.go:293.51,294.26 1 0
github.com/enthus-golang/gowsdl/soap/soap.go:294.26,296.3 1 0
github.com/enthus-golang/gowsdl/soap/soap.go:301.38,302.26 1 0
github.com/enthus-golang/gowsdl/soap/soap.go:302.26,304.3 1 0
github.com/enthus-golang/gowsdl/soap/soap.go:308.42,309.26 1 0
github.com/enthus-golang/gowsdl/soap/soap.go:309.26,311.3 1 0
github.com/enthus-golang/gowsdl/soap/soap.go:315.56,316.26 1 3
github.com/enthus-golang/gowsdl/soap/soap.go:316.26,318.3 1 3
github.com/enthus-golang/gowsdl/soap/soap.go:323.24,324.26 1 1
github.com/enthus-golang/gowsdl/soap/soap.go:324.26,326.3 1 1
github.com/enthus-golang/gowsdl/soap/soap.go:331.44,332.26 1 1
github.com/enthus-golang/gowsdl/soap/soap.go:332.26,334.3 1 1
github.com/enthus-golang/gowsdl/soap/soap.go:352.51,354.24 2 18
github.com/enthus-golang/gowsdl/soap/soap.go:354.24,356.3 1 5
github.com/enthus-golang/gowsdl/soap/soap.go:357.2,360.3 1 18
github.com/enthus-golang/gowsdl/soap/soap.go:365.48,367.2 1 0
github.com/enthus-golang/gowsdl/soap/soap.go:371.81,373.2 1 2
github.com/enthus-golang/gowsdl/soap/soap.go:377.53,379.2 1 0
github.com/enthus-golang/gowsdl/soap/soap.go:383.59,385.2 1 0
github.com/enthus-golang/gowsdl/soap/soap.go:388.66,390.2 1 0
github.com/enthus-golang/gowsdl/soap/soap.go:393.31,395.2 1 0
github.com/enthus-golang/gowsdl/soap/soap.go:398.107,400.2 1 8
github.com/enthus-golang/gowsdl/soap/soap.go:404.79,406.2 1 8
github.com/enthus-golang/gowsdl/soap/soap.go:412.94,414.2 1 1
github.com/enthus-golang/gowsdl/soap/soap.go:418.146,420.2 1 0
github.com/enthus-golang/gowsdl/soap/soap.go:426.118,428.2 1 5
github.com/enthus-golang/gowsdl/soap/soap.go:431.51,437.24 2 22
github.com/enthus-golang/gowsdl/soap/soap.go:437.24,441.3 1 0
github.com/enthus-golang/gowsdl/soap/soap.go:443.2,446.31 4 22
github.com/enthus-golang/gowsdl/soap/soap.go:446.31,448.3 1 0
github.com/enthus-golang/gowsdl/soap/soap.go:448.8,448.24 1 22
github.com/enthus-golang/gowsdl/soap/soap.go:448.24,450.3 1 1
github.com/enthus-golang/gowsdl/soap/soap.go:450.8,450.23 1 21
github.com/enthus-golang/gowsdl/soap/soap.go:450.23,452.3 1 1
github.com/enthus-golang/gowsdl/soap/soap.go:452.8,454.3 1 20
github.com/enthus-golang/gowsdl/soap/soap.go:456.2,456.49 1 22
github.com/enthus-golang/gowsdl/soap/soap.go:456.49,458.3 1 0
github.com/enthus-golang/gowsdl/soap/soap.go:460.2,460.40 1 22
github.com/enthus-golang/gowsdl/soap/soap.go:460.40,462.3 1 0
github.com/enthus-golang/gowsdl/soap/soap.go:464.2,465.16 2 22
github.com/enthus-golang/gowsdl/soap/soap.go:465.16,467.3 1 0
github.com/enthus-golang/gowsdl/soap/soap.go:468.2,468.24 1 22
github.com/enthus-golang/gowsdl/soap/soap.go:468.24,470.3 1 0
github.com/enthus-golang/gowsdl/soap/soap.go:472.2,474.17 2 22
github.com/enthus-golang/gowsdl/soap/soap.go:474.17,476.3 1 1
github.com/enthus-golang/gowsdl/soap/soap.go:476.8,476.23 1 21
github.com/enthus-golang/gowsdl/soap/soap.go:476.23,478.3 1 1
github.com/enthus-golang/gowsdl/soap/soap.go:478.8,480.3 1 20
github.com/enthus-golang/gowsdl/soap/soap.go:481.2,483.31 3 22
github.com/enthus-golang/gowsdl/soap/soap.go:483.31,484.40 1 3
github.com/enthus-golang/gowsdl/soap/soap.go:484.40,486.4 1 2
github.com/enthus-golang/gowsdl/soap/soap.go:488.2,491.19 3 22
github.com/enthus-golang/gowsdl/soap/soap.go:491.19,494.83 1 22
github.com/enthus-golang/gowsdl/soap/soap.go:494.83,497.5 2 22
github.com/enthus-golang/gowsdl/soap/soap.go:500.3,500.67 1 22
github.com/enthus-golang/gowsdl/soap/soap.go:503.2,504.16 2 22
github.com/enthus-golang/gowsdl/soap/soap.go:504.16,506.3 1 3
github.com/enthus-golang/gowsdl/soap/soap.go:507.2,507.15 1 19
github.com/enthus-golang/gowsdl/soap/soap.go:507.15,509.3 1 19
github.com/enthus-golang/gowsdl/soap/soap.go:511.2,511.52 1 19
github.com/enthus-golang/gowsdl/soap/soap.go:511.52,517.3 2 1
github.com/enthus-golang/gowsdl/soap/soap.go:521.2,530.16 4 18
github.com/enthus-golang/gowsdl/soap/soap.go:530.16,532.3 1 3
github.com/enthus-golang/gowsdl/soap/soap.go:534.2,535.15 2 15
github.com/enthus-golang/gowsdl/soap/soap.go:535.15,537.17 2 1
github.com/enthus-golang/gowsdl/soap/soap.go:537.17,539.4 1 0
github.com/enthus-golang/gowsdl/soap/soap.go:544.2,546.27 3 15
github.com/enthus-golang/gowsdl/soap/soap.go:546.27,548.17 2 3
github.com/enthus-golang/gowsdl/soap/soap.go:548.17,550.4 1 0
github.com/enthus-golang/gowsdl/soap/soap.go:551.3,551.56 1 3
github.com/enthus-golang/gowsdl/soap/soap.go:554.2,555.24 2 15
github.com/enthus-golang/gowsdl/soap/soap.go:555.24,557.3 1 1
github.com/enthus-golang/gowsdl/soap/soap.go:557.8,557.30 1 14
github.com/enthus-golang/gowsdl/soap/soap.go:557.30,559.3 1 1
github.com/enthus-golang/gowsdl/soap/soap.go:559.8,561.3 1 13
github.com/enthus-golang/gowsdl/soap/soap.go:563.2,563.49 1 15
github.com/enthus-golang/gowsdl/soap/soap.go:563.49,565.28 1 1
github.com/enthus-golang/gowsdl/soap/soap.go:565.28,570.4 1 1
github.com/enthus-golang/gowsdl/soap/soap.go:571.3,571.13 1 0
github.com/enthus-golang/gowsdl/soap/soap.go:574.2,574.37 1 14
github.com/enthus-golang/gowsdl/soap/soap.go:574.37,576.3 1 1
github.com/enthus-golang/gowsdl/soap/soap.go:577.2,577.43 1 14
github.com/enthus-golang/gowsdl/soap/xsdDateTime.go:29.35,31.2 1 0
github.com/enthus-golang/gowsdl/soap/xsdDateTime.go:35.46,36.15 1 6
github.com/enthus-golang/gowsdl/soap/xsdDateTime.go:36.15,38.3 1 4
github.com/enthus-golang/gowsdl/soap/xsdDateTime.go:39.2,41.42 1 2
github.com/enthus-golang/gowsdl/soap/xsdDateTime.go:45.81,47.21 2 4
github.com/enthus-golang/gowsdl/soap/xsdDateTime.go:47.21,49.3 1 4
github.com/enthus-golang/gowsdl/soap/xsdDateTime.go:50.2,50.12 1 0
github.com/enthus-golang/gowsdl/soap/xsdDateTime.go:54.72,57.21 3 1
github.com/enthus-golang/gowsdl/soap/xsdDateTime.go:57.21,60.3 2 1
github.com/enthus-golang/gowsdl/soap/xsdDateTime.go:61.2,61.18 1 1
github.com/enthus-golang/gowsdl/soap/xsdDateTime.go:65.40,66.29 1 5
github.com/enthus-golang/gowsdl/soap/xsdDateTime.go:66.29,68.38 2 5
github.com/enthus-golang/gowsdl/soap/xsdDateTime.go:68.38,70.4 1 1
github.com/enthus-golang/gowsdl/soap/xsdDateTime.go:71.3,72.17 2 5
github.com/enthus-golang/gowsdl/soap/xsdDateTime.go:72.17,79.4 5 1
github.com/enthus-golang/gowsdl/soap/xsdDateTime.go:80.3,80.18 1 5
github.com/enthus-golang/gowsdl/soap/xsdDateTime.go:82.2,82.11 1 0
github.com/enthus-golang/gowsdl/soap/xsdDateTime.go:86.84,89.16 3 3
github.com/enthus-golang/gowsdl/soap/xsdDateTime.go:89.16,91.3 1 0
github.com/enthus-golang/gowsdl/soap/xsdDateTime.go:92.2,93.12 2 3
github.com/enthus-golang/gowsdl/soap/xsdDateTime.go:97.63,101.2 3 3
github.com/enthus-golang/gowsdl/soap/xsdDateTime.go:103.73,105.19 2 12
github.com/enthus-golang/gowsdl/soap/xsdDateTime.go:105.19,107.3 1 0
github.com/enthus-golang/gowsdl/soap/xsdDateTime.go:108.2,109.36 2 12
github.com/enthus-golang/gowsdl/soap/xsdDateTime.go:109.36,112.27 2 6
github.com/enthus-golang/gowsdl/soap/xsdDateTime.go:112.27,115.43 1 6
github.com/enthus-golang/gowsdl/soap/xsdDateTime.go:115.43,117.5 1 4
github.com/enthus-golang/gowsdl/soap/xsdDateTime.go:119.3,119.13 1 6
github.com/enthus-golang/gowsdl/soap/xsdDateTime.go:119.13,121.4 1 2
github.com/enthus-golang/gowsdl/soap/xsdDateTime.go:122.3,122.40 1 6
github.com/enthus-golang/gowsdl/soap/xsdDateTime.go:122.40,124.4 1 0
github.com/enthus-golang/gowsdl/soap/xsdDateTime.go:125.8,128.35 1 6
github.com/enthus-golang/gowsdl/soap/xsdDateTime.go:128.35,130.4 1 4
github.com/enthus-golang/gowsdl/soap/xsdDateTime.go:131.3,131.13 1 6
github.com/enthus-golang/gowsdl/soap/xsdDateTime.go:131.13,133.4 1 2
github.com/enthus-golang/gowsdl/soap/xsdDateTime.go:135.2,136.22 2 12
github.com/enthus-golang/gowsdl/soap/xsdDateTime.go:140.62,145.2 1 5
github.com/enthus-golang/gowsdl/soap/xsdDateTime.go:154.30,156.2 1 0
github.com/enthus-golang/gowsdl/soap/xsdDateTime.go:160.41,161.14 1 6
github.com/enthus-golang/gowsdl/soap/xsdDateTime.go:161.14,163.3 1 4
github.com/enthus-golang/gowsdl/soap/xsdDateTime.go:164.2,165.26 1 2
github.com/enthus-golang/gowsdl/soap/xsdDateTime.go:169.76,171.21 2 3
github.com/enthus-golang/gowsdl/soap/xsdDateTime.go:171.21,173.3 1 3
github.com/enthus-golang/gowsdl/soap/xsdDateTime.go:174.2,174.12 1 0
github.com/enthus-golang/gowsdl/soap/xsdDateTime.go:178.67,181.20 3 1
github.com/enthus-golang/gowsdl/soap/xsdDateTime.go:181.20,184.3 2 1
github.com/enthus-golang/gowsdl/soap/xsdDateTime.go:185.2,185.18 1 1
github.com/enthus-golang/gowsdl/soap/xsdDateTime.go:189.35,190.28 1 4
github.com/enthus-golang/gowsdl/soap/xsdDateTime.go:190.28,192.16 2 4
github.com/enthus-golang/gowsdl/soap/xsdDateTime.go:192.16,193.41 1 1
github.com/enthus-golang/gowsdl/soap/xsdDateTime.go:193.41,197.5 2 0
github.com/enthus-golang/gowsdl/soap/xsdDateTime.go:197.10,199.28 1 1
github.com/enthus-golang/gowsdl/soap/xsdDateTime.go:199.28,202.6 2 1
github.com/enthus-golang/gowsdl/soap/xsdDateTime.go:205.3,205.20 1 4
github.com/enthus-golang/gowsdl/soap/xsdDateTime.go:207.2,207.11 1 0
github.com/enthus-golang/gowsdl/soap/xsdDateTime.go:211.79,214.16 3 3
github.com/enthus-golang/gowsdl/soap/xsdDateTime.go:214.16,216.3 1 0
github.com/enthus-golang/gowsdl/soap/xsdDateTime.go:217.2,218.12 2 3
github.com/enthus-golang/gowsdl/soap/xsdDateTime.go:222.58,226.2 3 3
github.com/enthus-golang/gowsdl/soap/xsdDateTime.go:229.56,234.2 1 4
github.com/enthus-golang/gowsdl/soap/xsdDateTime.go:243.76,245.21 2 3
github.com/enthus-golang/gowsdl/soap/xsdDateTime.go:245.21,247.3 1 3
github.com/enthus-golang/gowsdl/soap/xsdDateTime.go:248.2,248.12 1 0
github.com/enthus-golang/gowsdl/soap/xsdDateTime.go:252.67,255.20 3 1
github.com/enthus-golang/gowsdl/soap/xsdDateTime.go:255.20,258.3 2 1
github.com/enthus-golang/gowsdl/soap/xsdDateTime.go:259.2,259.18 1 1
github.com/enthus-golang/gowsdl/soap/xsdDateTime.go:263.35,264.28 1 4
github.com/enthus-golang/gowsdl/soap/xsdDateTime.go:264.28,266.37 2 4
github.com/enthus-golang/gowsdl/soap/xsdDateTime.go:266.37,268.4 1 2
github.com/enthus-golang/gowsdl/soap/xsdDateTime.go:270.3,272.16 3 4
github.com/enthus-golang/gowsdl/soap/xsdDateTime.go:272.16,277.4 4 1
github.com/enthus-golang/gowsdl/soap/xsdDateTime.go:278.3,278.20 1 4
github.com/enthus-golang/gowsdl/soap/xsdDateTime.go:280.2,280.11 1 0
github.com/enthus-golang/gowsdl/soap/xsdDateTime.go:284.79,288.16 4 3
github.com/enthus-golang/gowsdl/soap/xsdDateTime.go:288.16,290.3 1 0
github.com/enthus-golang/gowsdl/soap/xsdDateTime.go:291.2,291.31 1 3
github.com/enthus-golang/gowsdl/soap/xsdDateTime.go:295.58,297.2 1 1
github.com/enthus-golang/gowsdl/soap/xsdDateTime.go:299.53,302.19 3 4
github.com/enthus-golang/gowsdl/soap/xsdDateTime.go:302.19,305.3 2 0
github.com/enthus-golang/gowsdl/soap/xsdDateTime.go:306.2,309.34 2 4
github.com/enthus-golang/gowsdl/soap/xsdDateTime.go:309.34,311.3 1 3
github.com/enthus-golang/gowsdl/soap/xsdDateTime.go:312.2,312.15 1 4
github.com/enthus-golang/gowsdl/soap/xsdDateTime.go:312.15,314.3 1 1
github.com/enthus-golang/gowsdl/soap/xsdDateTime.go:315.2,316.12 2 4
github.com/enthus-golang/gowsdl/soap/xsdDateTime.go:320.30,322.2 1 4
github.com/enthus-golang/gowsdl/soap/xsdDateTime.go:325.32,327.2 1 4
github.com/enthus-golang/gowsdl/soap/xsdDateTime.go:330.32,332.2 1 4
github.com/enthus-golang/gowsdl/soap/xsdDateTime.go:335.36,337.2 1 4
github.com/enthus-golang/gowsdl/soap/xsdDateTime.go:340.45,341.14 1 3
github.com/enthus-golang/gowsdl/soap/xsdDateTime.go:341.14,343.3 1 2
github.com/enthus-golang/gowsdl/soap/xsdDateTime.go:344.2,344.12 1 1
github.com/enthus-golang/gowsdl/soap/xsdDateTime.go:348.86,350.16 2 4
github.com/enthus-golang/gowsdl/soap/xsdDateTime.go:350.16,352.3 1 1
github.com/enthus-golang/gowsdl/soap/xsdDateTime.go:353.2,356.3 1 4
github.com/enthus-golang/gowsdl/pkg/generator/generator.go:45.37,46.34 1 31
github.com/enthus-golang/gowsdl/pkg/generator/generator.go:46.34,48.16 2 31
github.com/enthus-golang/gowsdl/pkg/generator/generator.go:48.16,50.4 1 0
github.com/enthus-golang/gowsdl/pkg/generator/generator.go:51.3,52.13 2 31
github.com/enthus-golang/gowsdl/pkg/generator/generator.go:57.52,58.34 1 1
github.com/enthus-golang/gowsdl/pkg/generator/generator.go:58.34,61.3 2 1
github.com/enthus-golang/gowsdl/pkg/generator/generator.go:65.28,66.34 1 1
github.com/enthus-golang/gowsdl/pkg/generator/generator.go:66.34,69.3 2 1
github.com/enthus-golang/gowsdl/pkg/generator/generator.go:73.45,74.34 1 2
github.com/enthus-golang/gowsdl/pkg/generator/generator.go:74.34,75.13 1 2
github.com/enthus-golang/gowsdl/pkg/generator/generator.go:75.13,77.4 1 1
github.com/enthus-golang/gowsdl/pkg/generator/generator.go:77.9,78.44 1 1
github.com/enthus-golang/gowsdl/pkg/generator/generator.go:78.44,78.57 1 0
github.com/enthus-golang/gowsdl/pkg/generator/generator.go:80.3,80.13 1 2
github.com/enthus-golang/gowsdl/pkg/generator/generator.go:85.49,86.34 1 10
github.com/enthus-golang/gowsdl/pkg/generator/generator.go:86.34,89.3 2 10
github.com/enthus-golang/gowsdl/pkg/generator/generator.go:93.59,95.16 2 37
github.com/enthus-golang/gowsdl/pkg/generator/generator.go:95.16,97.3 1 0
github.com/enthus-golang/gowsdl/pkg/generator/generator.go:99.2,102.44 1 37
github.com/enthus-golang/gowsdl/pkg/generator/generator.go:102.44,102.57 1 0
github.com/enthus-golang/gowsdl/pkg/generator/generator.go:107.2,107.27 1 37
github.com/enthus-golang/gowsdl/pkg/generator/generator.go:107.27,108.32 1 45
github.com/enthus-golang/gowsdl/pkg/generator/generator.go:108.32,110.4 1 0
github.com/enthus-golang/gowsdl/pkg/generator/generator.go:113.2,113.15 1 37
github.com/enthus-golang/gowsdl/pkg/generator/generator.go:117.78,118.41 1 30
github.com/enthus-golang/gowsdl/pkg/generator/generator.go:118.41,120.3 1 4
github.com/enthus-golang/gowsdl/pkg/generator/generator.go:123.2,124.46 2 26
github.com/enthus-golang/gowsdl/pkg/generator/generator.go:124.46,126.3 1 2
github.com/enthus-golang/gowsdl/pkg/generator/generator.go:126.8,126.26 1 24
github.com/enthus-golang/gowsdl/pkg/generator/generator.go:126.26,128.3 1 24
github.com/enthus-golang/gowsdl/pkg/generator/generator.go:130.2,130.33 1 26
github.com/enthus-golang/gowsdl/pkg/generator/generator.go:130.33,132.3 1 28
github.com/enthus-golang/gowsdl/pkg/generator/generator.go:134.2,134.28 1 26
github.com/enthus-golang/gowsdl/pkg/generator/generator.go:137.82,145.22 5 26
github.com/enthus-golang/gowsdl/pkg/generator/generator.go:145.22,147.3 1 7
github.com/enthus-golang/gowsdl/pkg/generator/generator.go:148.2,153.12 3 26
github.com/enthus-golang/gowsdl/pkg/generator/generator.go:153.12,155.45 2 26
github.com/enthus-golang/gowsdl/pkg/generator/generator.go:155.45,157.4 1 0
github.com/enthus-golang/gowsdl/pkg/generator/generator.go:157.9,161.4 3 26
github.com/enthus-golang/gowsdl/pkg/generator/generator.go:164.2,164.12 1 26
github.com/enthus-golang/gowsdl/pkg/generator/generator.go:164.12,166.44 2 26
github.com/enthus-golang/gowsdl/pkg/generator/generator.go:166.44,168.4 1 0
github.com/enthus-golang/gowsdl/pkg/generator/generator.go:168.9,172.4 3 26
github.com/enthus-golang/gowsdl/pkg/generator/generator.go:175.2,175.12 1 26
github.com/enthus-golang/gowsdl/pkg/generator/generator.go:175.12,177.49 2 26
github.com/enthus-golang/gowsdl/pkg/generator/generator.go:177.49,179.4 1 0
github.com/enthus-golang/gowsdl/pkg/generator/generator.go:179.9,183.4 3 26
github.com/enthus-golang/gowsdl/pkg/generator/generator.go:187.2,187.22 1 26
github.com/enthus-golang/gowsdl/pkg/generator/generator.go:187.22,188.13 1 7
github.com/enthus-golang/gowsdl/pkg/generator/generator.go:188.13,190.46 2 7
github.com/enthus-golang/gowsdl/pkg/generator/generator.go:190.46,192.5 1 0
github.com/enthus-golang/gowsdl/pkg/generator/generator.go:192.10,196.5 3 7
github.com/enthus-golang/gowsdl/pkg/generator/generator.go:199.3,199.13 1 7
github.com/enthus-golang/gowsdl/pkg/generator/generator.go:199.13,201.52 2 7
github.com/enthus-golang/gowsdl/pkg/generator/generator.go:201.52,203.5 1 0
github.com/enthus-golang/gowsdl/pkg/generator/generator.go:203.10,207.5 3 7
github.com/enthus-golang/gowsdl/pkg/generator/generator.go:210.3,210.13 1 7
github.com/enthus-golang/gowsdl/pkg/generator/generator.go:210.13,212.53 2 7
github.com/enthus-golang/gowsdl/pkg/generator/generator.go:212.53,214.5 1 0
github.com/enthus-golang/gowsdl/pkg/generator/generator.go:214.10,218.5 3 7
github.com/enthus-golang/gowsdl/pkg/generator/generator.go:222.2,226.27 3 26
github.com/enthus-golang/gowsdl/pkg/generator/generator.go:226.27,228.3 1 0
github.com/enthus-golang/gowsdl/pkg/generator/generator.go:230.2,230.20 1 26
github.com/enthus-golang/gowsdl/pkg/generator/generator.go:233.58,235.16 2 31
github.com/enthus-golang/gowsdl/pkg/generator/generator.go:235.16,241.3 1 1
github.com/enthus-golang/gowsdl/pkg/generator/generator.go:242.2,246.16 3 30
github.com/enthus-golang/gowsdl/pkg/generator/generator.go:246.16,252.3 1 2
github.com/enthus-golang/gowsdl/pkg/generator/generator.go:253.2,256.22 2 28
github.com/enthus-golang/gowsdl/pkg/generator/generator.go:256.22,259.17 3 2
github.com/enthus-golang/gowsdl/pkg/generator/generator.go:259.17,265.4 1 0
github.com/enthus-golang/gowsdl/pkg/generator/generator.go:266.8,269.17 3 26
github.com/enthus-golang/gowsdl/pkg/generator/generator.go:269.17,275.4 1 1
github.com/enthus-golang/gowsdl/pkg/generator/generator.go:278.2,278.12 1 27
github.com/enthus-golang/gowsdl/pkg/generator/generator.go:281.88,282.19 1 38
github.com/enthus-golang/gowsdl/pkg/generator/generator.go:282.19,284.3 1 38
github.com/enthus-golang/gowsdl/pkg/generator/generator.go:285.2,285.56 1 0
github.com/enthus-golang/gowsdl/pkg/generator/generator.go:289.49,292.16 3 26
github.com/enthus-golang/gowsdl/pkg/generator/generator.go:292.16,294.3 1 0
github.com/enthus-golang/gowsdl/pkg/generator/generator.go:296.2,297.50 2 26
github.com/enthus-golang/gowsdl/pkg/generator/generator.go:297.50,299.3 1 0
github.com/enthus-golang/gowsdl/pkg/generator/generator.go:301.2,301.25 1 26
github.com/enthus-golang/gowsdl/pkg/generator/generator.go:304.48,307.16 3 26
github.com/enthus-golang/gowsdl/pkg/generator/generator.go:307.16,309.3 1 0
github.com/enthus-golang/gowsdl/pkg/generator/generator.go:311.2,324.46 4 26
github.com/enthus-golang/gowsdl/pkg/generator/generator.go:324.46,326.3 1 2
github.com/enthus-golang/gowsdl/pkg/generator/generator.go:326.8,326.26 1 24
github.com/enthus-golang/gowsdl/pkg/generator/generator.go:326.26,328.3 1 24
github.com/enthus-golang/gowsdl/pkg/generator/generator.go:330.2,333.33 2 26
github.com/enthus-golang/gowsdl/pkg/generator/generator.go:333.33,334.65 1 28
github.com/enthus-golang/gowsdl/pkg/generator/generator.go:334.65,336.4 1 13
github.com/enthus-golang/gowsdl/pkg/generator/generator.go:337.3,337.31 1 28
github.com/enthus-golang/gowsdl/pkg/generator/generator.go:337.31,339.4 1 0
github.com/enthus-golang/gowsdl/pkg/generator/generator.go:340.3,340.33 1 28
github.com/enthus-golang/gowsdl/pkg/generator/generator.go:340.33,342.4 1 12
github.com/enthus-golang/gowsdl/pkg/generator/generator.go:343.3,343.29 1 28
github.com/enthus-golang/gowsdl/pkg/generator/generator.go:343.29,345.4 1 21
github.com/enthus-golang/gowsdl/pkg/generator/generator.go:348.2,348.49 1 26
github.com/enthus-golang/gowsdl/pkg/generator/generator.go:348.49,350.3 1 0
github.com/enthus-golang/gowsdl/pkg/generator/generator.go:352.2,352.25 1 26
github.com/enthus-golang/gowsdl/pkg/generator/generator.go:355.53,362.46 4 26
github.com/enthus-golang/gowsdl/pkg/generator/generator.go:362.46,365.3 2 2
github.com/enthus-golang/gowsdl/pkg/generator/generator.go:365.8,365.26 1 24
github.com/enthus-golang/gowsdl/pkg/generator/generator.go:365.26,368.3 2 24
github.com/enthus-golang/gowsdl/pkg/generator/generator.go:368.8,370.3 1 0
github.com/enthus-golang/gowsdl/pkg/generator/generator.go:372.2,373.16 2 26
github.com/enthus-golang/gowsdl/pkg/generator/generator.go:373.16,375.3 1 0
github.com/enthus-golang/gowsdl/pkg/generator/generator.go:377.2,378.49 2 26
github.com/enthus-golang/gowsdl/pkg/generator/generator.go:378.49,380.3 1 0
github.com/enthus-golang/gowsdl/pkg/generator/generator.go:382.2,382.25 1 26
github.com/enthus-golang/gowsdl/pkg/generator/generator.go:385.49,392.46 4 7
github.com/enthus-golang/gowsdl/pkg/generator/generator.go:392.46,395.3 2 1
github.com/enthus-golang/gowsdl/pkg/generator/generator.go:395.8,395.26 1 6
github.com/enthus-golang/gowsdl/pkg/generator/generator.go:395.26,398.3 2 6
github.com/enthus-golang/gowsdl/pkg/generator/generator.go:398.8,400.3 1 0
github.com/enthus-golang/gowsdl/pkg/generator/generator.go:402.2,403.16 2 7
github.com/enthus-golang/gowsdl/pkg/generator/generator.go:403.16,405.3 1 0
github.com/enthus-golang/gowsdl/pkg/generator/generator.go:407.2,408.49 2 7
github.com/enthus-golang/gowsdl/pkg/generator/generator.go:408.49,410.3 1 0
github.com/enthus-golang/gowsdl/pkg/generator/generator.go:412.2,412.25 1 7
github.com/enthus-golang/gowsdl/pkg/generator/generator.go:415.55,418.16 3 7
github.com/enthus-golang/gowsdl/pkg/generator/generator.go:418.16,420.3 1 0
github.com/enthus-golang/gowsdl/pkg/generator/generator.go:422.2,423.50 2 7
github.com/enthus-golang/gowsdl/pkg/generator/generator.go:423.50,425.3 1 0
github.com/enthus-golang/gowsdl/pkg/generator/generator.go:427.2,427.25 1 7
github.com/enthus-golang/gowsdl/pkg/generator/generator.go:430.72,433.16 2 7
github.com/enthus-golang/gowsdl/pkg/generator/generator.go:433.16,435.3 1 0
github.com/enthus-golang/gowsdl/pkg/generator/generator.go:437.2,439.16 3 7
github.com/enthus-golang/gowsdl/pkg/generator/generator.go:439.16,441.3 1 0
github.com/enthus-golang/gowsdl/pkg/generator/generator.go:443.2,444.64 2 7
github.com/enthus-golang/gowsdl/pkg/generator/generator.go:444.64,446.3 1 0
github.com/enthus-golang/gowsdl/pkg/generator/generator.go:448.2,448.25 1 7
github.com/enthus-golang/gowsdl/pkg/generator/generator.go:452.54,470.2 1 99
github.com/enthus-golang/gowsdl/pkg/generator/generator.go:473.44,474.22 1 29
github.com/enthus-golang/gowsdl/pkg/generator/generator.go:474.22,476.3 1 1
github.com/enthus-golang/gowsdl/pkg/generator/generator.go:477.2,477.57 1 28
github.com/enthus-golang/gowsdl/pkg/generator/generator.go:480.34,482.29 2 4
github.com/enthus-golang/gowsdl/pkg/generator/generator.go:482.29,484.3 1 5
github.com/enthus-golang/gowsdl/pkg/generator/generator.go:485.2,485.34 1 4
github.com/enthus-golang/gowsdl/pkg/generator/generator.go:488.47,490.2 1 24
github.com/enthus-golang/gowsdl/pkg/generator/generator.go:492.48,494.20 2 163
github.com/enthus-golang/gowsdl/pkg/generator/generator.go:494.20,496.3 1 160
github.com/enthus-golang/gowsdl/pkg/generator/generator.go:497.2,497.13 1 3
github.com/enthus-golang/gowsdl/pkg/generator/generator.go:500.53,501.23 1 3
github.com/enthus-golang/gowsdl/pkg/generator/generator.go:501.23,503.3 1 2
github.com/enthus-golang/gowsdl/pkg/generator/generator.go:504.2,504.31 1 1
github.com/enthus-golang/gowsdl/pkg/generator/generator.go:507.32,509.2 1 4
github.com/enthus-golang/gowsdl/pkg/generator/generator.go:512.41,514.13 1 14
github.com/enthus-golang/gowsdl/pkg/generator/generator.go:514.13,516.3 1 1
github.com/enthus-golang/gowsdl/pkg/generator/generator.go:519.2,540.13 17 13
github.com/enthus-golang/gowsdl/pkg/generator/generator.go:540.13,542.3 1 1
github.com/enthus-golang/gowsdl/pkg/generator/generator.go:544.2,544.10 1 12
github.com/enthus-golang/gowsdl/pkg/generator/generator.go:548.53,554.19 2 52
github.com/enthus-golang/gowsdl/pkg/generator/generator.go:554.19,555.39 1 38
github.com/enthus-golang/gowsdl/pkg/generator/generator.go:555.39,556.27 1 64
github.com/enthus-golang/gowsdl/pkg/generator/generator.go:556.27,557.27 1 38
github.com/enthus-golang/gowsdl/pkg/generator/generator.go:557.27,560.28 2 38
github.com/enthus-golang/gowsdl/pkg/generator/generator.go:560.28,562.7 1 34
github.com/enthus-golang/gowsdl/pkg/generator/generator.go:563.6,563.25 1 4
github.com/enthus-golang/gowsdl/pkg/generator/generator.go:563.25,565.7 1 4
github.com/enthus-golang/gowsdl/pkg/generator/generator.go:572.2,572.20 1 14
github.com/enthus-golang/gowsdl/pkg/generator/generator.go:572.20,575.3 1 14
github.com/enthus-golang/gowsdl/pkg/generator/generator.go:578.2,578.16 1 0
github.com/enthus-golang/gowsdl/pkg/generator/generator.go:581.71,584.2 1 7
github.com/enthus-golang/gowsdl/pkg/generator/generator.go:586.49,589.46 2 1
github.com/enthus-golang/gowsdl/pkg/generator/generator.go:589.46,591.3 1 0
github.com/enthus-golang/gowsdl/pkg/generator/generator.go:591.8,591.26 1 1
github.com/enthus-golang/gowsdl/pkg/generator/generator.go:591.26,593.3 1 1
github.com/enthus-golang/gowsdl/pkg/generator/generator.go:595.2,595.33 1 1
github.com/enthus-golang/gowsdl/pkg/generator/generator.go:595.33,596.35 1 1
github.com/enthus-golang/gowsdl/pkg/generator/generator.go:596.35,598.4 1 1
github.com/enthus-golang/gowsdl/pkg/generator/generator.go:600.2,600.11 1 0
github.com/enthus-golang/gowsdl/pkg/http/config.go:29.39,31.48 1 0
github.com/enthus-golang/gowsdl/pkg/http/config.go:31.48,33.3 1 0
github.com/enthus-golang/gowsdl/pkg/http/config.go:35.2,47.22 2 0
github.com/enthus-golang/gowsdl/pkg/http/config.go:47.22,50.3 2 0
github.com/enthus-golang/gowsdl/pkg/http/config.go:52.2,55.3 1 0
github.com/enthus-golang/gowsdl/pkg/http/downloader.go:27.91,31.16 3 13
github.com/enthus-golang/gowsdl/pkg/http/downloader.go:31.16,33.3 1 0
github.com/enthus-golang/gowsdl/pkg/http/downloader.go:36.2,36.61 1 13
github.com/enthus-golang/gowsdl/pkg/http/downloader.go:36.61,38.3 1 13
github.com/enthus-golang/gowsdl/pkg/http/downloader.go:40.2,46.53 5 13
github.com/enthus-golang/gowsdl/pkg/http/downloader.go:46.53,47.18 1 17
github.com/enthus-golang/gowsdl/pkg/http/downloader.go:47.18,49.4 1 4
github.com/enthus-golang/gowsdl/pkg/http/downloader.go:51.3,53.23 2 17
github.com/enthus-golang/gowsdl/pkg/http/downloader.go:53.23,55.4 1 1
github.com/enthus-golang/gowsdl/pkg/http/downloader.go:56.3,56.42 1 16
github.com/enthus-golang/gowsdl/pkg/http/downloader.go:56.42,57.9 1 9
github.com/enthus-golang/gowsdl/pkg/http/downloader.go:59.3,60.18 2 7
github.com/enthus-golang/gowsdl/pkg/http/downloader.go:60.18,62.4 1 6
github.com/enthus-golang/gowsdl/pkg/http/downloader.go:65.2,65.20 1 12
github.com/enthus-golang/gowsdl/pkg/http/downloader.go:65.20,67.3 1 1
github.com/enthus-golang/gowsdl/pkg/http/downloader.go:69.2,69.15 1 11
github.com/enthus-golang/gowsdl/pkg/http/downloader.go:69.15,71.3 1 11
github.com/enthus-golang/gowsdl/pkg/http/downloader.go:73.2,73.28 1 11
github.com/enthus-golang/gowsdl/pkg/http/downloader.go:73.28,79.3 1 4
github.com/enthus-golang/gowsdl/pkg/http/downloader.go:82.2,84.16 3 7
github.com/enthus-golang/gowsdl/pkg/http/downloader.go:84.16,86.3 1 0
github.com/enthus-golang/gowsdl/pkg/http/downloader.go:88.2,88.18 1 7
github.com/enthus-golang/gowsdl/pkg/http/http_config.go:49.50,60.2 1 15
github.com/enthus-golang/gowsdl/pkg/http/http_config.go:63.81,66.2 2 1
github.com/enthus-golang/gowsdl/pkg/http/http_config.go:69.95,73.2 3 1
github.com/enthus-golang/gowsdl/pkg/http/http_config.go:76.83,79.2 2 0
github.com/enthus-golang/gowsdl/pkg/http/http_config.go:82.83,84.16 2 0
github.com/enthus-golang/gowsdl/pkg/http/http_config.go:84.16,86.3 1 0
github.com/enthus-golang/gowsdl/pkg/http/http_config.go:88.2,88.24 1 0
github.com/enthus-golang/gowsdl/pkg/http/http_config.go:88.24,92.3 1 0
github.com/enthus-golang/gowsdl/pkg/http/http_config.go:94.2,94.32 1 0
github.com/enthus-golang/gowsdl/pkg/http/http_config.go:94.32,96.3 1 0
github.com/enthus-golang/gowsdl/pkg/http/http_config.go:98.2,98.63 1 0
github.com/enthus-golang/gowsdl/pkg/http/http_config.go:98.63,100.3 1 0
github.com/enthus-golang/gowsdl/pkg/http/http_config.go:102.2,102.15 1 0
github.com/enthus-golang/gowsdl/pkg/http/http_config.go:106.96,108.16 2 0
github.com/enthus-golang/gowsdl/pkg/http/http_config.go:108.16,110.3 1 0
github.com/enthus-golang/gowsdl/pkg/http/http_config.go:112.2,112.24 1 0
github.com/enthus-golang/gowsdl/pkg/http/http_config.go:112.24,116.3 1 0
github.com/enthus-golang/gowsdl/pkg/http/http_config.go:118.2,119.15 2 0
github.com/enthus-golang/gowsdl/pkg/http/http_config.go:123.49,125.48 1 14
github.com/enthus-golang/gowsdl/pkg/http/http_config.go:125.48,127.3 1 0
github.com/enthus-golang/gowsdl/pkg/http/http_config.go:129.2,141.22 2 14
github.com/enthus-golang/gowsdl/pkg/http/http_config.go:141.22,143.3 1 0
github.com/enthus-golang/gowsdl/pkg/http/http_config.go:146.2,147.30 2 14
github.com/enthus-golang/gowsdl/pkg/http/http_config.go:147.30,149.3 1 3
github.com/enthus-golang/gowsdl/pkg/http/http_config.go:151.2,154.3 1 14
github.com/enthus-golang/gowsdl/pkg/http/http_config.go:157.43,159.16 2 0
github.com/enthus-golang/gowsdl/pkg/http/http_config.go:159.16,160.51 1 0
github.com/enthus-golang/gowsdl/pkg/http/http_config.go:162.2,162.10 1 0
github.com/enthus-golang/gowsdl/pkg/http/http_config.go:166.50,168.2 1 13
github.com/enthus-golang/gowsdl/pkg/http/http_config.go:171.48,173.2 1 13
github.com/enthus-golang/gowsdl/pkg/http/http_config.go:176.58,178.2 1 13
github.com/enthus-golang/gowsdl/pkg/http/http_config.go:181.55,183.2 1 7
github.com/enthus-golang/gowsdl/pkg/http/location.go:26.54,28.20 2 10
github.com/enthus-golang/gowsdl/pkg/http/location.go:28.20,30.3 1 4
github.com/enthus-golang/gowsdl/pkg/http/location.go:32.2,33.16 2 6
github.com/enthus-golang/gowsdl/pkg/http/location.go:33.16,35.3 1 0
github.com/enthus-golang/gowsdl/pkg/http/location.go:37.2,37.34 1 6
github.com/enthus-golang/gowsdl/pkg/http/location.go:42.57,43.16 1 7
github.com/enthus-golang/gowsdl/pkg/http/location.go:43.16,45.17 2 3
github.com/enthus-golang/gowsdl/pkg/http/location.go:45.17,47.4 1 0
github.com/enthus-golang/gowsdl/pkg/http/location.go:48.3,48.30 1 3
github.com/enthus-golang/gowsdl/pkg/http/location.go:51.2,51.25 1 4
github.com/enthus-golang/gowsdl/pkg/http/location.go:51.25,53.3 1 0
github.com/enthus-golang/gowsdl/pkg/http/location.go:55.2,55.42 1 4
github.com/enthus-golang/gowsdl/pkg/http/location.go:55.42,56.21 1 4
github.com/enthus-golang/gowsdl/pkg/http/location.go:56.21,58.4 1 1
github.com/enthus-golang/gowsdl/pkg/http/location.go:61.2,61.65 1 3
github.com/enthus-golang/gowsdl/pkg/http/location.go:65.35,67.2 1 0
github.com/enthus-golang/gowsdl/pkg/http/location.go:70.34,72.2 1 22
github.com/enthus-golang/gowsdl/pkg/http/location.go:75.33,77.2 1 15
github.com/enthus-golang/gowsdl/pkg/http/location.go:80.33,81.16 1 0
github.com/enthus-golang/gowsdl/pkg/http/location.go:81.16,83.3 1 0
github.com/enthus-golang/gowsdl/pkg/http/location.go:84.2,84.11 1 0
github.com/enthus-golang/gowsdl/pkg/http/location.go:88.34,90.2 1 0
github.com/enthus-golang/gowsdl/pkg/http/location.go:93.47,94.18 1 0
github.com/enthus-golang/gowsdl/pkg/http/location.go:94.18,96.3 1 0
github.com/enthus-golang/gowsdl/pkg/http/location.go:97.2,97.25 1 0
github.com/enthus-golang/gowsdl/pkg/http/location.go:101.36,102.16 1 12
github.com/enthus-golang/gowsdl/pkg/http/location.go:102.16,104.3 1 7
github.com/enthus-golang/gowsdl/pkg/http/location.go:105.2,105.15 1 5
github.com/enthus-golang/gowsdl/pkg/http/location.go:105.15,107.3 1 5
github.com/enthus-golang/gowsdl/pkg/http/location.go:108.2,108.11 1 0
github.com/enthus-golang/gowsdl/pkg/http/rate_limiter.go:19.96,20.24 1 3
github.com/enthus-golang/gowsdl/pkg/http/rate_limiter.go:20.24,22.3 1 0
github.com/enthus-golang/gowsdl/pkg/http/rate_limiter.go:24.2,30.3 3 3
github.com/enthus-golang/gowsdl/pkg/http/rate_limiter.go:34.85,37.2 2 3
github.com/enthus-golang/gowsdl/compat.go:50.53,61.3 1 0
github.com/enthus-golang/gowsdl/gowsdl_facade.go:25.54,26.31 1 4
github.com/enthus-golang/gowsdl/gowsdl_facade.go:26.31,28.3 1 4
github.com/enthus-golang/gowsdl/gowsdl_facade.go:32.28,33.31 1 2
github.com/enthus-golang/gowsdl/gowsdl_facade.go:33.31,35.3 1 2
github.com/enthus-golang/gowsdl/gowsdl_facade.go:39.45,40.31 1 4
github.com/enthus-golang/gowsdl/gowsdl_facade.go:40.31,42.3 1 4
github.com/enthus-golang/gowsdl/gowsdl_facade.go:46.37,47.31 1 8
github.com/enthus-golang/gowsdl/gowsdl_facade.go:47.31,49.3 1 8
github.com/enthus-golang/gowsdl/gowsdl_facade.go:53.49,54.31 1 5
github.com/enthus-golang/gowsdl/gowsdl_facade.go:54.31,56.3 1 5
github.com/enthus-golang/gowsdl/gowsdl_facade.go:60.62,62.16 2 14
github.com/enthus-golang/gowsdl/gowsdl_facade.go:62.16,64.3 1 2
github.com/enthus-golang/gowsdl/gowsdl_facade.go:67.2,71.16 3 12
github.com/enthus-golang/gowsdl/gowsdl_facade.go:71.16,73.3 1 0
github.com/enthus-golang/gowsdl/gowsdl_facade.go:75.2,80.27 2 12
github.com/enthus-golang/gowsdl/gowsdl_facade.go:80.27,81.32 1 23
github.com/enthus-golang/gowsdl/gowsdl_facade.go:81.32,83.4 1 0
github.com/enthus-golang/gowsdl/gowsdl_facade.go:86.2,86.15 1 12
github.com/enthus-golang/gowsdl/gowsdl_facade.go:90.112,98.2 2 1
github.com/enthus-golang/gowsdl/gowsdl_facade.go:100.131,107.17 2 2
github.com/enthus-golang/gowsdl/gowsdl_facade.go:107.17,109.3 1 1
github.com/enthus-golang/gowsdl/gowsdl_facade.go:110.2,110.33 1 2
github.com/enthus-golang/gowsdl/gowsdl_facade.go:114.83,116.2 1 3
github.com/enthus-golang/gowsdl/gowsdl_facade.go:119.53,121.2 1 2
