mode: atomic
github.com/enthus-golang/gowsdl/pkg/generator/generator.go:45.37,46.34 1 39
github.com/enthus-golang/gowsdl/pkg/generator/generator.go:46.34,48.16 2 39
github.com/enthus-golang/gowsdl/pkg/generator/generator.go:48.16,50.4 1 0
github.com/enthus-golang/gowsdl/pkg/generator/generator.go:51.3,52.13 2 39
github.com/enthus-golang/gowsdl/pkg/generator/generator.go:57.52,58.34 1 1
github.com/enthus-golang/gowsdl/pkg/generator/generator.go:58.34,61.3 2 1
github.com/enthus-golang/gowsdl/pkg/generator/generator.go:65.28,66.34 1 1
github.com/enthus-golang/gowsdl/pkg/generator/generator.go:66.34,69.3 2 1
github.com/enthus-golang/gowsdl/pkg/generator/generator.go:73.45,74.34 1 2
github.com/enthus-golang/gowsdl/pkg/generator/generator.go:74.34,75.13 1 2
github.com/enthus-golang/gowsdl/pkg/generator/generator.go:75.13,77.4 1 1
github.com/enthus-golang/gowsdl/pkg/generator/generator.go:77.9,78.44 1 1
github.com/enthus-golang/gowsdl/pkg/generator/generator.go:78.44,78.57 1 0
github.com/enthus-golang/gowsdl/pkg/generator/generator.go:80.3,80.13 1 2
github.com/enthus-golang/gowsdl/pkg/generator/generator.go:85.49,86.34 1 10
github.com/enthus-golang/gowsdl/pkg/generator/generator.go:86.34,89.3 2 10
github.com/enthus-golang/gowsdl/pkg/generator/generator.go:93.59,95.16 2 46
github.com/enthus-golang/gowsdl/pkg/generator/generator.go:95.16,97.3 1 0
github.com/enthus-golang/gowsdl/pkg/generator/generator.go:99.2,102.44 1 46
github.com/enthus-golang/gowsdl/pkg/generator/generator.go:102.44,102.57 1 0
github.com/enthus-golang/gowsdl/pkg/generator/generator.go:107.2,107.27 1 46
github.com/enthus-golang/gowsdl/pkg/generator/generator.go:107.27,108.32 1 53
github.com/enthus-golang/gowsdl/pkg/generator/generator.go:108.32,110.4 1 0
github.com/enthus-golang/gowsdl/pkg/generator/generator.go:113.2,113.15 1 46
github.com/enthus-golang/gowsdl/pkg/generator/generator.go:117.78,118.41 1 39
github.com/enthus-golang/gowsdl/pkg/generator/generator.go:118.41,120.3 1 4
github.com/enthus-golang/gowsdl/pkg/generator/generator.go:123.2,124.46 2 35
github.com/enthus-golang/gowsdl/pkg/generator/generator.go:124.46,126.3 1 2
github.com/enthus-golang/gowsdl/pkg/generator/generator.go:126.8,126.26 1 33
github.com/enthus-golang/gowsdl/pkg/generator/generator.go:126.26,128.3 1 33
github.com/enthus-golang/gowsdl/pkg/generator/generator.go:130.2,130.33 1 35
github.com/enthus-golang/gowsdl/pkg/generator/generator.go:130.33,132.3 1 37
github.com/enthus-golang/gowsdl/pkg/generator/generator.go:134.2,134.28 1 35
github.com/enthus-golang/gowsdl/pkg/generator/generator.go:137.82,145.22 5 35
github.com/enthus-golang/gowsdl/pkg/generator/generator.go:145.22,147.3 1 7
github.com/enthus-golang/gowsdl/pkg/generator/generator.go:148.2,153.12 3 35
github.com/enthus-golang/gowsdl/pkg/generator/generator.go:153.12,155.45 2 35
github.com/enthus-golang/gowsdl/pkg/generator/generator.go:155.45,157.4 1 0
github.com/enthus-golang/gowsdl/pkg/generator/generator.go:157.9,161.4 3 35
github.com/enthus-golang/gowsdl/pkg/generator/generator.go:164.2,164.12 1 35
github.com/enthus-golang/gowsdl/pkg/generator/generator.go:164.12,166.44 2 35
github.com/enthus-golang/gowsdl/pkg/generator/generator.go:166.44,168.4 1 0
github.com/enthus-golang/gowsdl/pkg/generator/generator.go:168.9,172.4 3 35
github.com/enthus-golang/gowsdl/pkg/generator/generator.go:175.2,175.12 1 35
github.com/enthus-golang/gowsdl/pkg/generator/generator.go:175.12,177.49 2 35
github.com/enthus-golang/gowsdl/pkg/generator/generator.go:177.49,179.4 1 0
github.com/enthus-golang/gowsdl/pkg/generator/generator.go:179.9,183.4 3 35
github.com/enthus-golang/gowsdl/pkg/generator/generator.go:187.2,187.22 1 35
github.com/enthus-golang/gowsdl/pkg/generator/generator.go:187.22,188.13 1 7
github.com/enthus-golang/gowsdl/pkg/generator/generator.go:188.13,190.46 2 7
github.com/enthus-golang/gowsdl/pkg/generator/generator.go:190.46,192.5 1 0
github.com/enthus-golang/gowsdl/pkg/generator/generator.go:192.10,196.5 3 7
github.com/enthus-golang/gowsdl/pkg/generator/generator.go:199.3,199.13 1 7
github.com/enthus-golang/gowsdl/pkg/generator/generator.go:199.13,201.52 2 7
github.com/enthus-golang/gowsdl/pkg/generator/generator.go:201.52,203.5 1 0
github.com/enthus-golang/gowsdl/pkg/generator/generator.go:203.10,207.5 3 7
github.com/enthus-golang/gowsdl/pkg/generator/generator.go:210.3,210.13 1 7
github.com/enthus-golang/gowsdl/pkg/generator/generator.go:210.13,212.53 2 7
github.com/enthus-golang/gowsdl/pkg/generator/generator.go:212.53,214.5 1 0
github.com/enthus-golang/gowsdl/pkg/generator/generator.go:214.10,218.5 3 7
github.com/enthus-golang/gowsdl/pkg/generator/generator.go:222.2,226.27 3 35
github.com/enthus-golang/gowsdl/pkg/generator/generator.go:226.27,228.3 1 0
github.com/enthus-golang/gowsdl/pkg/generator/generator.go:230.2,230.20 1 35
github.com/enthus-golang/gowsdl/pkg/generator/generator.go:233.58,235.16 2 40
github.com/enthus-golang/gowsdl/pkg/generator/generator.go:235.16,241.3 1 1
github.com/enthus-golang/gowsdl/pkg/generator/generator.go:242.2,246.16 3 39
github.com/enthus-golang/gowsdl/pkg/generator/generator.go:246.16,252.3 1 2
github.com/enthus-golang/gowsdl/pkg/generator/generator.go:253.2,256.22 2 37
github.com/enthus-golang/gowsdl/pkg/generator/generator.go:256.22,259.17 3 2
github.com/enthus-golang/gowsdl/pkg/generator/generator.go:259.17,265.4 1 0
github.com/enthus-golang/gowsdl/pkg/generator/generator.go:266.8,269.17 3 35
github.com/enthus-golang/gowsdl/pkg/generator/generator.go:269.17,275.4 1 1
github.com/enthus-golang/gowsdl/pkg/generator/generator.go:278.2,278.12 1 36
github.com/enthus-golang/gowsdl/pkg/generator/generator.go:281.88,282.19 1 47
github.com/enthus-golang/gowsdl/pkg/generator/generator.go:282.19,284.3 1 47
github.com/enthus-golang/gowsdl/pkg/generator/generator.go:285.2,285.56 1 0
github.com/enthus-golang/gowsdl/pkg/generator/generator.go:289.49,292.16 3 35
github.com/enthus-golang/gowsdl/pkg/generator/generator.go:292.16,294.3 1 0
github.com/enthus-golang/gowsdl/pkg/generator/generator.go:296.2,297.50 2 35
github.com/enthus-golang/gowsdl/pkg/generator/generator.go:297.50,299.3 1 0
github.com/enthus-golang/gowsdl/pkg/generator/generator.go:301.2,301.25 1 35
github.com/enthus-golang/gowsdl/pkg/generator/generator.go:304.48,312.46 4 35
github.com/enthus-golang/gowsdl/pkg/generator/generator.go:312.46,314.3 1 2
github.com/enthus-golang/gowsdl/pkg/generator/generator.go:314.8,314.26 1 33
github.com/enthus-golang/gowsdl/pkg/generator/generator.go:314.26,316.3 1 33
github.com/enthus-golang/gowsdl/pkg/generator/generator.go:318.2,318.33 1 35
github.com/enthus-golang/gowsdl/pkg/generator/generator.go:318.33,319.33 1 37
github.com/enthus-golang/gowsdl/pkg/generator/generator.go:319.33,320.43 1 18
github.com/enthus-golang/gowsdl/pkg/generator/generator.go:320.43,322.5 1 22
github.com/enthus-golang/gowsdl/pkg/generator/generator.go:327.2,330.56 2 35
github.com/enthus-golang/gowsdl/pkg/generator/generator.go:330.56,332.56 1 28
github.com/enthus-golang/gowsdl/pkg/generator/generator.go:332.56,334.4 1 25
github.com/enthus-golang/gowsdl/pkg/generator/generator.go:335.3,335.34 1 28
github.com/enthus-golang/gowsdl/pkg/generator/generator.go:339.2,342.77 2 35
github.com/enthus-golang/gowsdl/pkg/generator/generator.go:342.77,344.24 1 32
github.com/enthus-golang/gowsdl/pkg/generator/generator.go:344.24,346.4 1 0
github.com/enthus-golang/gowsdl/pkg/generator/generator.go:347.3,347.79 1 32
github.com/enthus-golang/gowsdl/pkg/generator/generator.go:347.79,349.4 1 32
github.com/enthus-golang/gowsdl/pkg/generator/generator.go:351.3,351.79 1 0
github.com/enthus-golang/gowsdl/pkg/generator/generator.go:355.2,355.59 1 35
github.com/enthus-golang/gowsdl/pkg/generator/generator.go:355.59,358.3 2 0
github.com/enthus-golang/gowsdl/pkg/generator/generator.go:361.2,364.80 2 35
github.com/enthus-golang/gowsdl/pkg/generator/generator.go:364.80,365.25 1 48
github.com/enthus-golang/gowsdl/pkg/generator/generator.go:365.25,367.4 1 0
github.com/enthus-golang/gowsdl/pkg/generator/generator.go:368.3,369.39 2 48
github.com/enthus-golang/gowsdl/pkg/generator/generator.go:369.39,371.11 2 96
github.com/enthus-golang/gowsdl/pkg/generator/generator.go:371.11,373.5 1 0
github.com/enthus-golang/gowsdl/pkg/generator/generator.go:374.4,374.27 1 96
github.com/enthus-golang/gowsdl/pkg/generator/generator.go:376.3,376.19 1 48
github.com/enthus-golang/gowsdl/pkg/generator/generator.go:379.2,380.16 2 35
github.com/enthus-golang/gowsdl/pkg/generator/generator.go:380.16,382.3 1 0
github.com/enthus-golang/gowsdl/pkg/generator/generator.go:384.2,398.19 3 35
github.com/enthus-golang/gowsdl/pkg/generator/generator.go:398.19,400.3 1 33
github.com/enthus-golang/gowsdl/pkg/generator/generator.go:402.2,406.33 3 35
github.com/enthus-golang/gowsdl/pkg/generator/generator.go:406.33,407.65 1 37
github.com/enthus-golang/gowsdl/pkg/generator/generator.go:407.65,409.4 1 22
github.com/enthus-golang/gowsdl/pkg/generator/generator.go:410.3,410.31 1 37
github.com/enthus-golang/gowsdl/pkg/generator/generator.go:410.31,412.4 1 0
github.com/enthus-golang/gowsdl/pkg/generator/generator.go:413.3,413.33 1 37
github.com/enthus-golang/gowsdl/pkg/generator/generator.go:413.33,415.4 1 18
github.com/enthus-golang/gowsdl/pkg/generator/generator.go:416.3,416.29 1 37
github.com/enthus-golang/gowsdl/pkg/generator/generator.go:416.29,418.4 1 28
github.com/enthus-golang/gowsdl/pkg/generator/generator.go:421.2,421.49 1 35
github.com/enthus-golang/gowsdl/pkg/generator/generator.go:421.49,423.3 1 0
github.com/enthus-golang/gowsdl/pkg/generator/generator.go:425.2,425.25 1 35
github.com/enthus-golang/gowsdl/pkg/generator/generator.go:428.53,435.46 4 35
github.com/enthus-golang/gowsdl/pkg/generator/generator.go:435.46,438.3 2 2
github.com/enthus-golang/gowsdl/pkg/generator/generator.go:438.8,438.26 1 33
github.com/enthus-golang/gowsdl/pkg/generator/generator.go:438.26,441.3 2 33
github.com/enthus-golang/gowsdl/pkg/generator/generator.go:441.8,443.3 1 0
github.com/enthus-golang/gowsdl/pkg/generator/generator.go:445.2,446.16 2 35
github.com/enthus-golang/gowsdl/pkg/generator/generator.go:446.16,448.3 1 0
github.com/enthus-golang/gowsdl/pkg/generator/generator.go:450.2,451.49 2 35
github.com/enthus-golang/gowsdl/pkg/generator/generator.go:451.49,453.3 1 0
github.com/enthus-golang/gowsdl/pkg/generator/generator.go:455.2,455.25 1 35
github.com/enthus-golang/gowsdl/pkg/generator/generator.go:458.49,465.46 4 7
github.com/enthus-golang/gowsdl/pkg/generator/generator.go:465.46,468.3 2 1
github.com/enthus-golang/gowsdl/pkg/generator/generator.go:468.8,468.26 1 6
github.com/enthus-golang/gowsdl/pkg/generator/generator.go:468.26,471.3 2 6
github.com/enthus-golang/gowsdl/pkg/generator/generator.go:471.8,473.3 1 0
github.com/enthus-golang/gowsdl/pkg/generator/generator.go:475.2,476.16 2 7
github.com/enthus-golang/gowsdl/pkg/generator/generator.go:476.16,478.3 1 0
github.com/enthus-golang/gowsdl/pkg/generator/generator.go:480.2,481.49 2 7
github.com/enthus-golang/gowsdl/pkg/generator/generator.go:481.49,483.3 1 0
github.com/enthus-golang/gowsdl/pkg/generator/generator.go:485.2,485.25 1 7
github.com/enthus-golang/gowsdl/pkg/generator/generator.go:488.55,491.16 3 7
github.com/enthus-golang/gowsdl/pkg/generator/generator.go:491.16,493.3 1 0
github.com/enthus-golang/gowsdl/pkg/generator/generator.go:495.2,496.50 2 7
github.com/enthus-golang/gowsdl/pkg/generator/generator.go:496.50,498.3 1 0
github.com/enthus-golang/gowsdl/pkg/generator/generator.go:500.2,500.25 1 7
github.com/enthus-golang/gowsdl/pkg/generator/generator.go:503.72,506.16 2 7
github.com/enthus-golang/gowsdl/pkg/generator/generator.go:506.16,508.3 1 0
github.com/enthus-golang/gowsdl/pkg/generator/generator.go:510.2,512.16 3 7
github.com/enthus-golang/gowsdl/pkg/generator/generator.go:512.16,514.3 1 0
github.com/enthus-golang/gowsdl/pkg/generator/generator.go:516.2,517.64 2 7
github.com/enthus-golang/gowsdl/pkg/generator/generator.go:517.64,519.3 1 0
github.com/enthus-golang/gowsdl/pkg/generator/generator.go:521.2,521.25 1 7
github.com/enthus-golang/gowsdl/pkg/generator/generator.go:525.54,544.2 1 126
github.com/enthus-golang/gowsdl/pkg/generator/generator.go:547.44,548.22 1 49
github.com/enthus-golang/gowsdl/pkg/generator/generator.go:548.22,550.3 1 1
github.com/enthus-golang/gowsdl/pkg/generator/generator.go:551.2,551.57 1 48
github.com/enthus-golang/gowsdl/pkg/generator/generator.go:554.34,556.29 2 4
github.com/enthus-golang/gowsdl/pkg/generator/generator.go:556.29,558.3 1 5
github.com/enthus-golang/gowsdl/pkg/generator/generator.go:559.2,559.34 1 4
github.com/enthus-golang/gowsdl/pkg/generator/generator.go:562.47,564.2 1 34
github.com/enthus-golang/gowsdl/pkg/generator/generator.go:566.48,568.20 2 286
github.com/enthus-golang/gowsdl/pkg/generator/generator.go:568.20,570.3 1 258
github.com/enthus-golang/gowsdl/pkg/generator/generator.go:571.2,571.13 1 28
github.com/enthus-golang/gowsdl/pkg/generator/generator.go:574.53,575.23 1 3
github.com/enthus-golang/gowsdl/pkg/generator/generator.go:575.23,577.3 1 2
github.com/enthus-golang/gowsdl/pkg/generator/generator.go:578.2,578.31 1 1
github.com/enthus-golang/gowsdl/pkg/generator/generator.go:581.32,583.2 1 4
github.com/enthus-golang/gowsdl/pkg/generator/generator.go:586.41,588.13 1 14
github.com/enthus-golang/gowsdl/pkg/generator/generator.go:588.13,590.3 1 1
github.com/enthus-golang/gowsdl/pkg/generator/generator.go:593.2,614.13 17 13
github.com/enthus-golang/gowsdl/pkg/generator/generator.go:614.13,616.3 1 1
github.com/enthus-golang/gowsdl/pkg/generator/generator.go:618.2,618.10 1 12
github.com/enthus-golang/gowsdl/pkg/generator/generator.go:623.69,624.16 1 101
github.com/enthus-golang/gowsdl/pkg/generator/generator.go:624.16,626.3 1 1
github.com/enthus-golang/gowsdl/pkg/generator/generator.go:629.2,629.24 1 100
github.com/enthus-golang/gowsdl/pkg/generator/generator.go:629.24,631.3 1 9
github.com/enthus-golang/gowsdl/pkg/generator/generator.go:634.2,634.82 1 91
github.com/enthus-golang/gowsdl/pkg/generator/generator.go:634.82,636.3 1 15
github.com/enthus-golang/gowsdl/pkg/generator/generator.go:638.2,638.14 1 76
github.com/enthus-golang/gowsdl/pkg/generator/generator.go:642.53,648.19 2 84
github.com/enthus-golang/gowsdl/pkg/generator/generator.go:648.19,649.39 1 70
github.com/enthus-golang/gowsdl/pkg/generator/generator.go:649.39,650.27 1 118
github.com/enthus-golang/gowsdl/pkg/generator/generator.go:650.27,652.33 1 70
github.com/enthus-golang/gowsdl/pkg/generator/generator.go:652.33,656.6 1 16
github.com/enthus-golang/gowsdl/pkg/generator/generator.go:658.5,658.27 1 54
github.com/enthus-golang/gowsdl/pkg/generator/generator.go:658.27,661.28 2 54
github.com/enthus-golang/gowsdl/pkg/generator/generator.go:661.28,663.7 1 54
github.com/enthus-golang/gowsdl/pkg/generator/generator.go:664.6,664.25 1 0
github.com/enthus-golang/gowsdl/pkg/generator/generator.go:664.25,667.7 1 0
github.com/enthus-golang/gowsdl/pkg/generator/generator.go:674.2,674.20 1 14
github.com/enthus-golang/gowsdl/pkg/generator/generator.go:674.20,677.3 1 14
github.com/enthus-golang/gowsdl/pkg/generator/generator.go:680.2,680.16 1 0
github.com/enthus-golang/gowsdl/pkg/generator/generator.go:683.71,684.19 1 21
github.com/enthus-golang/gowsdl/pkg/generator/generator.go:684.19,686.3 1 1
github.com/enthus-golang/gowsdl/pkg/generator/generator.go:689.2,689.41 1 20
github.com/enthus-golang/gowsdl/pkg/generator/generator.go:689.41,692.64 2 19
github.com/enthus-golang/gowsdl/pkg/generator/generator.go:692.64,694.4 1 19
github.com/enthus-golang/gowsdl/pkg/generator/generator.go:697.3,707.71 9 19
github.com/enthus-golang/gowsdl/pkg/generator/generator.go:707.71,709.42 1 19
github.com/enthus-golang/gowsdl/pkg/generator/generator.go:709.42,710.29 1 23
github.com/enthus-golang/gowsdl/pkg/generator/generator.go:710.29,712.6 1 18
github.com/enthus-golang/gowsdl/pkg/generator/generator.go:717.2,717.11 1 2
github.com/enthus-golang/gowsdl/pkg/generator/generator.go:720.49,723.46 2 1
github.com/enthus-golang/gowsdl/pkg/generator/generator.go:723.46,725.3 1 0
github.com/enthus-golang/gowsdl/pkg/generator/generator.go:725.8,725.26 1 1
github.com/enthus-golang/gowsdl/pkg/generator/generator.go:725.26,727.3 1 1
github.com/enthus-golang/gowsdl/pkg/generator/generator.go:729.2,729.33 1 1
github.com/enthus-golang/gowsdl/pkg/generator/generator.go:729.33,730.35 1 1
github.com/enthus-golang/gowsdl/pkg/generator/generator.go:730.35,732.4 1 1
github.com/enthus-golang/gowsdl/pkg/generator/generator.go:734.2,734.11 1 0
github.com/enthus-golang/gowsdl/pkg/generator/inline_complex_collector.go:24.91,27.33 2 37
github.com/enthus-golang/gowsdl/pkg/generator/inline_complex_collector.go:27.33,29.42 1 39
github.com/enthus-golang/gowsdl/pkg/generator/inline_complex_collector.go:29.42,31.4 1 23
github.com/enthus-golang/gowsdl/pkg/generator/inline_complex_collector.go:34.3,34.38 1 39
github.com/enthus-golang/gowsdl/pkg/generator/inline_complex_collector.go:34.38,35.29 1 48
github.com/enthus-golang/gowsdl/pkg/generator/inline_complex_collector.go:35.29,48.5 4 18
github.com/enthus-golang/gowsdl/pkg/generator/inline_complex_collector.go:52.2,52.20 1 37
github.com/enthus-golang/gowsdl/pkg/generator/inline_complex_collector.go:56.122,58.34 1 85
github.com/enthus-golang/gowsdl/pkg/generator/inline_complex_collector.go:58.34,59.29 1 188
github.com/enthus-golang/gowsdl/pkg/generator/inline_complex_collector.go:59.29,74.4 4 36
github.com/enthus-golang/gowsdl/pkg/generator/inline_complex_collector.go:78.2,78.35 1 85
github.com/enthus-golang/gowsdl/pkg/generator/inline_complex_collector.go:78.35,79.32 1 2
github.com/enthus-golang/gowsdl/pkg/generator/inline_complex_collector.go:79.32,92.4 4 2
github.com/enthus-golang/gowsdl/pkg/generator/inline_complex_collector.go:96.2,96.29 1 85
github.com/enthus-golang/gowsdl/pkg/generator/inline_complex_collector.go:96.29,97.29 1 1
github.com/enthus-golang/gowsdl/pkg/generator/inline_complex_collector.go:97.29,110.4 4 1
github.com/enthus-golang/gowsdl/pkg/generator/inline_complex_collector.go:114.2,114.44 1 85
github.com/enthus-golang/gowsdl/pkg/generator/inline_complex_collector.go:114.44,115.60 1 1
github.com/enthus-golang/gowsdl/pkg/generator/inline_complex_collector.go:115.60,116.30 1 1
github.com/enthus-golang/gowsdl/pkg/generator/inline_complex_collector.go:116.30,129.5 4 1
github.com/enthus-golang/gowsdl/pkg/generator/inline_complex_collector.go:135.62,136.22 1 38
github.com/enthus-golang/gowsdl/pkg/generator/inline_complex_collector.go:136.22,138.3 1 2
github.com/enthus-golang/gowsdl/pkg/generator/inline_complex_collector.go:139.2,139.54 1 36
github.com/enthus-golang/gowsdl/pkg/generator/inline_complex_collector.go:143.111,145.36 2 35
github.com/enthus-golang/gowsdl/pkg/generator/inline_complex_collector.go:145.36,147.3 1 34
github.com/enthus-golang/gowsdl/pkg/generator/inline_complex_collector.go:148.2,148.18 1 1
github.com/enthus-golang/gowsdl/pkg/generator/inline_complex_collector.go:152.62,154.2 1 11
